unmatched log - 2026-03-13T05:52:21.725Z
合計: 1050行

案件管理番号 | システム名 | 対応内容
--------------------------------------------------------------------------------
2023100500008 | Web情変_M00019 | SB/YM/LINEMO支払方法変更WEB画面にサポートサイト帳票DLリンクを追加
2023100500008 | Web情変_M00019 | SB/YM/LINEMO支払方法変更WEB画面の資料請求案内文言をダウンロード説明文言へ変更
2023100500008 | 公式アプリ（システム正式名称の記載なし） | SB/YM/LINEMO支払方法変更メニュー画面へサポートサイト帳票DLリンクを追加
2023100500008 | 公式アプリ（システム正式名称の記載なし） | SB/YM/LINEMO支払方法変更メニュー画面の案内テキストをDL・資料請求併記文言に変更
2023101200017 | GINIE | 回線OP追加画面に当該OPを追加し、IMEI・端末種別必須入力と桁数・重複チェックを実装
2023101200017 | GINIE | 新規・機種変更・番号移行後処理画面に「店頭スマホサポートへ」ボタンを表示しIMEI自動連携
2023101200017 | GINIE | 新規・機種変更・番号移行・情報変更時の注意事項画面に当該OP情報・利用規約URLを表示
2023101200017 | GINIE | MNP転出・解約時の注意事項PDFに当該OP月額料金と自動解除案内を追加出力
2023101200017 | GINIE | 番号移行・解約・電話番号メールお預かり手続き時に当該OP自動解除処理を追加
2023101200017 | GINIE | 譲渡・家族割名義変更・承継時に当該OP継続および「別途情変解除」ワーニングを表示
2023101200017 | GINIE | 情報変更の顧客照会画面から当該OP加入／解除操作とIMEI登録を可能にする
2023101200017 | GINIE | 顧客照会画面で当該OPプラン・契約日・次回点検時期・IMEI等を表示する機能を追加
2023101200017 | GINIE | IVR連携用に当該OP加入有無を返却し、音声読み上げでオプション名を案内する機能を追加
2023101200017 | GINIE | 店頭サポート登録画面で回線OP加入とIMEI一致を判定しサブスク画面／ショット画面を出し分け
2023101200017 | GINIE | 店頭サポート登録時に「定額契約中・IMEI確認」ワーニングと加入プラン種別表示を追加
2023101200017 | GINIE | サポート実施履歴照会画面で当該OP加入端末の履歴を既存定額OP同様に表示
2023101200017 | GINIE | 定期点検・継続特典対象者へSMS送信するためのバッチ連携と送信条件ロジックを追加
2023101200017 | GINIE | 回線ステータス別に当該OP追加・削除・サポート受付可否を判定する制御を実装
2023101200017 | BFS_M00049 | なんサポ／ワイサポ申込画面に当該OP重複加入注意メッセージを表示する処理を追加
2023101200017 | BFS_M00049 | 回線オプション選択画面で当該OPを受付不可とし非表示または非活性制御を実装
2023101200017 | SB-OLS（OLS_M00494） | 回線OP選択画面から当該OPを除外し、新規・機変等で選択できないよう制御
2023101200017 | YM/LM/法人OLS（OLS_M00494） | 番号移行・譲渡等時に当該OP自動解除・継続ワーニングを表示
2023101200017 | かんたん手続き | 回線OP選択・情報変更画面から当該OPを非表示または非活性とする制御を追加
2023101200017 | 料金シミュレータ | 見積もり項目に当該OPのフル／ライトプラン料金を追加し選択計算可能とする
2023101200017 | MySB | WEBの契約情報照会画面に当該OP加入状況・解除ボタンを追加し情報変更解除を可能にする
2023101200017 | MyYM | WEBの契約情報照会画面に当該OP加入状況・解除ボタンを追加し情報変更解除を可能にする
2023101200017 | IVR | 回線認証後に当該OPフルプラン加入時のなんサポ／ワイサポ対応可否判定を行うロジック追加
2023101200017 | CORELIS care | IVRからの当該OP加入判定結果を受け取りリモートサポート受付フローに反映
2023101200017 | 法人/Bizコンシェル | 法人回線の当該OP加入照会・注意事項表示を既存定額OP同様に対応
2023101200017 | GINIE-POS | 物品販売登録画面に値引きコード入力欄を追加し継続特典クーポン値引きを適用
2023101200017 | GINIE-POS | CaMP_M00053連携で当該OP加入・サポート実施インセンティブ自動計算フラグを追加
2023101200017 | OLフロント | 対象外チャネルとして当該OPを非表示としつつ顧客照会で履歴表示する機能を追加
2023101200017 | NFA_M00632 | 対象回線に紐づく当該OP加入状況を審査・与信関連画面に参考情報として表示
2023101200017 | OLS-Care（OLS_M00494） | スマホ設定サポート履歴画面で当該OPのサブスク利用を表示
2023101200017 | CME_OLS（OLS_M00494） | MNP転出・解約時の注意事項PDF出力に当該OP料金・自動解除文言を反映
2023101200017 | 新見込 | 見込顧客登録時の案内内容に当該OPを追加し提案プランとして表示
2023101200017 | 顧客登録 | 顧客マスタに当該OP利用有無属性を追加し各チャネルで参照可能にする
2023101200017 | 事前顧客照会 | 回線照会結果に当該OP加入状況・プラン種別・契約月数を追加表示
2023101200017 | 実績PF | GINIE登録実績CSVに当該OP加入・解除・サブスク利用・特典クーポン利用を追加連携
2023101200017 | ChatBot | 当該OPの概要・加入可否・解除方法をFAQとして追加し自動応答する機能を追加
2023101200017 | Cindy_M00364 | 継続特典案内SMS送信および特典対象者の顧客照会ポップアップ表示を実装
2023101200017 | CS管理／専用WEB | CSオペレータ向け画面に当該OP加入状況・自動解除条件の表示機能を追加
2023101200017 | WNF | YM→SB番号移行WEB画面に当該OP自動解除注意文言を表示する処理を追加
2023101200017 | SCMOne_M00403 | 端末在庫・契約情報と当該OPの紐付け情報を参照できるよう項目を追加
2023101200017 | WCR | コール記録画面に当該OP説明・加入可否案内を履歴として記録する項目を追加
2023101200017 | Kiwi_M00672 | レポート抽出画面に当該OPの加入数・解約数・サポート利用数を集計できる指標追加
2023101200017 | CLS_M00676 | 契約ライフサイクル管理に当該OPの開始・終了イベントを追加記録
2023101200017 | 顧客プロファイル | 当該OP加入属性を保持しパーソナライズ配信や来店予約連携に利用
2023101200017 | IntelligentSearch | 検索条件に当該OP加入有無・継続期間を追加し対象顧客抽出を可能にする
2023101200017 | 来店予約 | 定期点検／継続特典メールのリンクから当該OP加入者が予約できる導線を追加
2023101200017 | SB Report | 当該OP新規申込実績・サブスク受付実績を集計しレポート出力する機能を追加
2023101200017 | 審査PF_M00555 | 当該OP料金・インセ情報が審査に影響しないことを前提に属性参照のみに対応
2023101600002 | CCOC_M00321 | 自社要注意者情報(E06)で強制解約者情報を参照し審査センター遷移させる判定ロジックを削除する対応
2023101600002 | COP_M00365 | 滞納支払後に強制解約関連ステータスが消失する料金情報の蓄積・連携方針を維持するための影響確認対応
2023102400044 | YMOLSフロント | 追加新規／追加MNPを通常レジ選択肢に追加しUIで申込区分を選択可能とする
2023102400044 | YMOLSフロント | CASIS認証画面でMyYM等ログイン後に既存回線を選択させ同一C#前提で処理開始するよう変更
2023102400044 | YMOLSフロント | CASIS認証済回線に対しNFA経由でCOP等へ名義・住所・連絡先変更履歴照会するIF処理を新設
2023102400044 | YMOLSフロント | 照会結果に基づき本人確認スキップ可否を判定し「契約者本人確認不要OKフラグ」を設定するロジック追加
2023102400044 | YMOLSフロント | 申込画面上で契約時と現時点の情報相違なし同意チェックボックスを表示し同意取得必須とする
2023102400044 | YMOLSフロント | 課金開始日から60日以上経過しているかを判定しスキップ対象外の場合は従来フローへ分岐させる
2023102400044 | YMOLSフロント | 商材種別・支払方法・国籍情報から対象マトリクスに基づき本人確認必要有無を分岐する処理追加
2023102400044 | YMOLSフロント | eSIM／eSIM端末セット申込時にeKYCを含む本人確認取得をスキップ対象に含める制御追加
2023102400044 | YMOLSフロント | SB-IDログインで読み込まれた回線も本人確認書類スキップ対象判定に含める判定処理追加
2023102400044 | NFA | フロントから受領した「契約者本人確認不要OKフラグ」を申込オーダーに保持し後続システムへ連携するIF改修
2023102400044 | NFA | 契約者本人確認書類が「なし」の新規／MNP申込を受け付けるオーダー項目定義とエラーチェック条件を変更
2023102400044 | NFA | 本人確認スキップ対象オーダーに対しAIOCR連携と芝公園センター目検連携を行わないように制御を追加
2023102400044 | NFA | CCOC向けインターフェースに契約者本人確認不要OKフラグを付与し審査条件分岐に利用可能とする
2023102400044 | NFA | d_nfa配下既存マートの既存項目を利用し契約者本人確認不要OKフラグをDWHへ連携する出力ロジック追加
2023102400044 | OLS-care | 契約者本人確認不要OKフラグを受信し本人確認書類なしでも受注～開通まで処理可能な受付ロジックへ変更
2023102400044 | OLS-care | 本人確認書類なしオーダーでAIOCR処理・目検遷移をスキップし機種変更と同様の審査フローに分岐する
2023102400044 | OLS-care | 不正疑義等でセンター遷移する際に本人確認不要OK属性もメモ属性として付与するメモ登録処理を追加
2023102400044 | COP_M00365 | CASIS認証した回線の契約者名義・住所・連絡先の変更履歴を照会可能とする検索APIまたはIFを拡張
2023102400044 | CASIS_M00125 | 認証した回線の契約者情報・変更履歴を照会するためNFA／フロントからの参照要求受付処理を追加
2023102400044 | CASIS_M00125 | 照会結果として変更履歴有無や国籍判定情報を返却し本人確認スキップ判定材料を提供するIFを実装
2023102400044 | DWH_M00853 | d_nfa配下の既存マート／項目を流用し契約者本人確認不要OKフラグを蓄積し後日抽出可能にする設定変更
2023111700012 | GINIE | モバイル新規等申込画面で東芝OCR読取情報全項目を一時保存する処理を追加
2023111700012 | GINIE | CCOC連携用IFで東芝OCR読取情報（氏名等）をGINIE受付番号単位で送信する処理を追加
2023111700012 | GINIE | 本人確認書類撮影画面にマイナンバーカードを東芝OCR読取対象として選択・読取する機能を追加
2023111700012 | GINIE | BB新規・サービス変更フローでマイナンバーカードのOCR読取・情報貼付処理を追加
2023111700012 | GINIE | CCOC連携完了後に保存済みOCR情報をGINIE側から削除するクリーニング処理を追加
2023120400023 | GINIE | 年収情報入力画面において入力値表示を「●●●●」にマスク表示する処理を追加
2023120400023 | GINIE | 年収情報内容確認画面において表示値を「●●●●」にマスク表示する処理を追加
2023120400023 | GINIE | 新規登録以外の年収入力画面全てに同等のマスク処理ロジックを適用する処理を追加
2023120400024 | GINIE | 新規＋既存回線一括請求時の請求先電話番号入力欄をテキストボックス化し編集可能とする
2023120400024 | GINIE | ご契約状況選択（既存回線あり／初めて契約）にかかわらず請求先電話番号編集制御ロジックを統一し変更可能とする
2023120400024 | CCOC_M00321 | GINIEから連携される一括請求先電話番号の更新値を受け取り契約情報へ反映する連携処理を追加
2023120400028 | 記載なし | GINIE利用料金照会画面で回線-移動機セット行を整列表示に変更する
2023120400028 | 記載なし | GINIE利用料金照会画面で021番号直下に機種名項目を追加し表示する
2023120400028 | 記載なし | CME利用料金照会画面で021番号直下に機種名ラベルを追加し機種名を表示する
2023120400028 | 記載なし | CME B#回線明細画面でグレーラベル領域を拡張し機種名を記載表示する
2023120400030 | GINIE | マルチ顧客照会画面におうち割光セット特典の細分化ステータスを表示する処理を追加
2023120400030 | GINIE | マルチ顧客照会画面にでんきセット特典の細分化ステータスを表示する処理を追加
2023120400030 | COP_M00365 | おうち割光セット・でんきセット特典の判定結果と判定タイミング情報をGINIE向けに提供する連携項目を整理
2023120400030 | 記載なし | ファイバーズ（？）からおうち割光セット・でんきセット判定情報を取得するIFおよび項目の仕様調査と定義
2023120400035 | 記載なし | 記載なし
2023120400035 | GINIE | 棚卸画面の「棚卸し登録」ボタン表記を「棚卸登録」へ変更する対応
2023120400035 | GINIE | 棚卸登録ボタン押下後のポップアップ本文をPCIDSS Ver4.0準拠文言へ変更する対応
2023120400035 | GINIE | ポップアップ内にマルチデバイス・タッチステーション確認事項を追記表示する対応
2023120400035 | GINIE | ポップアップの背景色を変更し重要性を強調する画面デザイン対応
2023120400035 | GINIE | ポップアップ上部に「重要」タイトルバーを追加表示する対応
2023120400035 | GINIE | ポップアップの「OK」ボタン名称を「確認しました」へ変更する対応
2023120400035 | GINIE | ポップアップ内ボタンの色・サイズをGINIE基準に統一するUI調整対応
2023120500016 | GINIEブラウザ | モバイル受付登録/照会画面の担当者等表示をクルーコードのみ表示に変更する
2023120500016 | GINIEブラウザ | モバイル申込内容確認画面のクルー氏名印字をクルーコードのみ印字に変更する
2023120500016 | GINIEブラウザ | モバイル帳票印字部の担当者等クルー氏名項目をクルーコード印字に変更する
2023120500016 | GINIEブラウザ | モバイル画面ヘッダのクルー姓表示をクルーコード表示に変更し氏名を非表示とする
2023120500016 | GINIEブラウザ | モバイル受付状況一覧画面ヘッダのクルー氏名を見えないよう制御する
2023120500016 | GINIEブラウザ | モバイルGINIEメニュー画面詳細にクルーコードとクルー名を併記表示する
2023120500016 | GINIEブラウザ | BB受付登録/照会画面の担当者等表示をクルーコードのみ表示に変更する
2023120500016 | GINIEブラウザ | BB内容確認画面のクルー氏名表示をクルーコードのみ表示に変更する
2023120500016 | GINIEブラウザ | BB受付状況照会の内容確認画面遷移時に登録後はクルー名表示を許可する
2023120500016 | GINIEブラウザ | BB帳票印字部のクルー氏名印字をクルーコードのみ印字に変更する
2023120500016 | GINIEブラウザ | BB光ADCC/量販インバン用内容確認画面でクルーコードのみ表示に統一する
2023120500016 | GINIEブラウザ | BB光ADCC/量販インバン用帳票印字のクルー氏名をクルーコード印字へ変更する
2023120500016 | GINIEブラウザ | BB受付状況/事前情報一覧画面ヘッダのクルー氏名を見えないように制御する
2023120500016 | GINIEブラウザ | BBGINIEメニュー画面詳細にクルーコードとクルー名を併記表示する
2023120500016 | GINIEブラウザ | でんき・ガス登録/照会画面のクルー表示をクルーコードのみ表示に変更する
2023120500016 | GINIEブラウザ | でんき・ガス申込内容確認画面のクルー氏名表示をクルーコードのみ表示に変更する
2023120500016 | GINIEブラウザ | でんき・ガス帳票印字部のクルー氏名印字をクルーコードのみ印字に変更する
2023120500016 | GINIEブラウザ | でんき・ガス受付状況一覧画面ヘッダのクルー氏名を見えないように制御する
2023120500016 | GINIEブラウザ | でんき・ガスGINIEメニュー画面詳細にクルーコードとクルー名を併記表示する
2023120500016 | GINIEブラウザ | キャリアフリー画面ヘッダのクルー姓表示をクルーコード表示に変更する
2023120500016 | GINIEブラウザ | キャリアフリー受付状況一覧でヘッダ以外のクルー名非表示対象外とする制御を実装する
2023120500016 | IRIS | キャリアフリー申込画面と帳票のクルー姓項目を担当者クルーコード表示に変更する
2023120500016 | IRIS | キャリアフリーサポート利用帳票の作業担当者表示を作業担当者クルーコードに変更する
2023120500016 | 料金ｼﾐｭﾚｰﾀ | キャリアフリー関連画面でクルー氏名表示がある場合はクルーコード表示へ変更する
2023120500016 | Web情変 | キャリアフリー関連画面のクルー情報表示があればクルーコードのみ表示に変更する
2023120500016 | CORELIScare | キャリアフリー問い合わせ画面のクルー表示をクルーコードのみ表示に変更する
2023120500016 | SHOP UI | キャリアフリー店頭UIの担当者表示をクルーコードのみ表示に変更する
2023120500016 | CS UI | キャリアフリーCS UIでの担当者表示をクルーコードのみ表示に変更する
2023120500016 | GINIE | モバイル登録/照会画面で本人確認担当者・店長名・責任者名を客非表示のまま扱い対象外と明記する
2023120500016 | かんたん手続き | 閲覧モードの本人確認担当者欄をクルーコードのみ表示または非表示に変更する
2023120500016 | GINIE-POS | 会計処理画面上のクルー表示をクルーコードのみ表示する仕様に変更する
2023120500016 | BSW | BB受付登録/照会画面の担当者/本人確認者/受付者表示をクルーコードのみ表示に変更する
2023120500016 | BSW | BB内容確認画面のクルー氏名表示をクルーコードのみ表示に変更する
2023120500016 | BSW | BB帳票連携時に担当者名項目を担当者クルーコード項目に切り替える
2023120500016 | BSWMOD | BB光回線再利用等の画面でクルー氏名表示をクルーコードのみ表示に変更する
2023120500016 | BSW Fibers | BB光系受付画面のクルー表示をクルーコードのみ表示に変更する
2023120500016 | CME | でんき・ガスおよびモバイル関連情報照会画面のクルー表示をクルーコードのみ表示に変更する
2023120500016 | CME | キャリアフリー関連履歴へのクルー情報をクルーコードのみ連携するよう変更する
2023120500016 | CCOC_M00321 | でんき・ガス関連案件のクルー名を受け取らずクルーコードのみ保持するよう連携変更する
2023120500016 | COP_M00365 | でんき・ガス関連帳票保管時にクルー氏名ではなくクルーコードを保管するよう変更する
2023120500016 | CaMP_M00053 | 対象案件での業務手数料・インセ算出にクルー名を利用しないことを確認する設定維持
2023120500016 | DWH_M00853 | 既存マート・項目の連携仕様を維持しクルー名・クルーコードのデータ構造を変更しない
2023120500016 | MARS_M00306 | 対象案件で保証サービス連携にクルー名を使用しない前提を維持し追加改修を行わない
2023120500016 | CASIS_M00125 | でんき・ガス認証系連携でクルー名を参照しないことを前提としたインターフェース維持
2023120500016 | Kiwi_M00672 | でんき・ガス関連でKiwiが扱うクルー情報があればクルーコードのみ扱うよう連携確認
2023120500016 | Cafe_M00875 | でんき・ガス関連履歴でクルー氏名を扱わずクルーコードのみ運用する設定を維持
2023120500016 | SCMOne_M00403 | 本案件は対象外としクルー名削除対応を実施しないことを明記する
2023120700002 | DWH_M00853 | 割当を実施する予約番号を抽出しBP部3課・DP部2課へ提供する既存抽出処理の前提利用（改修有無の記載なし）
記載なし | OLS_M00494 | YM向けYMOLSの仕掛り受注チェックマスタ画面にPPMA重複系条件を登録・参照する機能を追加
記載なし | OLS_M00494 | LINEMO向けLMOLSの仕掛り受注チェックマスタ画面にクレカ・住所赤メ条件を登録・参照する機能を追加
記載なし | OLS_M00494 | 既存赤メ判定プログラムからマスタ参照型ロジックへ切替え、旧個別プログラムを削除する処理を実装
2023122000007 | Chronos Billing_M00312 | 請求計算処理で通常請求の紙／SMS請求対象判定ロジックを追加・変更
2023122000007 | Chronos Billing_M00312 | クレ買取不能再発行時に紙／SMS請求対象を判定し課金区分を制御する処理を追加
2023122000007 | Chronos Billing_M00312 | PayPayオンライン決済手数料を300円から200円に変更する料金テーブルを更新
2023122000007 | Chronos Billing_M00312 | 滞納請求書のQRコード印字対象判定ロジックを追加しバーコード種別フラグを出力
2023122000007 | Chronos Payment_M00312 | オンライン決済手数料200円への変更に伴う決済手数料計算ロジックを修正
2023122000007 | Chronos Payment_M00312 | 滞納請求のオンライン決済用QRコード生成と印刷会社向けコード出力処理を追加
2023122000007 | IVC | 通常請求のSMS送信結果を取得しエラー時に紙請求書再発行トリガを起動する制御ロジックを追加
2023122000007 | IVC | クレ買取不能のSMS送信と送信エラー検知に基づき再発行処理と手数料請求制御を行う機能を追加
2023122000007 | IVC | 滞納請求における既存督促SMSとオンライン誘導SMSの出し分けロジックを追加
2023122000007 | CME_OLS_M00494 | 利用料金照会画面で請求年月ごとの支払方法名（窓口払い(SMS)等）を表示する機能を追加
2023122000007 | CME_OLS_M00494 | 支払方法名取得のためにChronos Billing_M00312等から支払方法情報を照会するIF処理を追加
2023122000007 | Corelis Care | 料金照会画面で当月請求がSMS請求・クレ買取不能SMS請求である旨のアラート表示機能を追加
2023122000007 | Corelis Care | 入金確認状況に応じてSMS請求アラート表示を自動で出し分け・非表示にする制御ロジックを追加
2023122000007 | My SB | トップ画面にお支払い誘導モーダルを表示しオンライン決済画面へ遷移させるUIを追加
2023122000007 | My SB | 当月支払方法が窓口払い(SMS)やクレ買取不能請求の場合の表示条件ロジックを追加
2023122000007 | My YM | My SBと同様に未払い料金がある場合に支払い誘導モーダルを表示する機能を追加
2023122000007 | My MENU | 請求金額エリアに「お支払いが必要」アラートを表示しオンライン決済画面へリンクするUIを実装
2023122000007 | 公式アプリ | 請求確定後に通常請求向け支払依頼プッシュ通知を送信する通知機能を追加
2023122000007 | 公式アプリ | クレ買取不能時専用の支払案内プッシュ通知を送信する通知テンプレートとロジックを追加
2023122000007 | PayPayアプリ（Cafe_M00875） | 料金照会画面に請求月ごとの支払方法を表示しMy SBへの導線を追加
2023122000007 | PayPayアプリ（Cafe_M00875） | 窓口払い（SMS/紙）時にMy SoftBankオンライン決済画面へ遷移させるリンクを追加
2023122000007 | Omnibus | 請求通知SMS・支払促進SMS・滞納関連SMSの送信結果をコンタクト履歴として保存する処理を追加
2023122000007 | 統合履歴 | 通常請求・クレ買取不能・滞納の各SMS送信結果とエラー情報を保存する履歴項目を追加
2023122000007 | 統合履歴 | 滞納請求書発行履歴にコンビニバーコード／QRコードの印字種別を格納する項目を追加
2023122000007 | BOS | CMEからの照会に対応し請求ごとの支払方法情報を返却するインターフェース処理を改修
2023122000007 | Cindy_M00364 | メール送信基盤として利用する場合に統合履歴との連携設定を確認するが本資料上は記載なし
2023122600008 | OLS_M00494 | オンライン同意関連契約者向け通知をEメールからSMS送信へ切替える画面ロジック変更
2023122600008 | OLS_M00494 | 不備修正サイトのオンライン同意再送要求IFをメール再送からSMS再送へ変更する処理
2023122600008 | 記載なし | CareシステムはNFAマスタ追加による自動反映のため個別改修なし
2024011900005 | Chronos Billing_M00312 | 高額随時請求の一定額停止判定ロジックからソフま利用料を除外する処理を追加
記載なし | COP_M00365 | G10/G13直投で発生したS#・業務種別・処理日を日次抽出する機能を追加
記載なし | COP_M00365 | 抽出データからKIIRO向けA～DパターンのCSVレイアウトデータを生成する処理を追加
記載なし | KIIRO_M00487 | COPから日次で受領するCSVファイルを自動で取込み処理する機能を追加
記載なし | KIIRO_M00487 | 取込みCSVの業務種別に応じて事業法帳票を自動発行する帳票作成ロジックを追加
記載なし | DWH_M00853 | C_サービス情報PLUS_P等マートを用いたKIIRO向けデータ抽出バッチ処理を廃止
2024013000004 | NFA | CCOC二次応答400検知時の自動リトライ処理を暫定停止から再開する制御へ変更
2024013000004 | CCOC | 解約時二次応答コードの区分整理とCCOCボール／フロントボールの責任範囲を明確化
2024013000004 | NFA | YM／LINEMO解約サイトから連携される二次応答結果の判定ロジックを整理しリトライ対象条件を見直し
2024013000006 | MARS_M00306 | 構成マスタで機種商品コードからpSIM商品コードを取得する読替ロジック（S→W）を利用
2024013000006 | MARS_M00306 | 商品フラグマスタで商品フラグ種別CD2009に対するSIMグループ設定を機種別に管理
2024013000006 | MARS_M00306 | USIM商品重み付けリファレンスでSIMグループからeSIM商品コードを参照する設定を利用
2024013000006 | CCOC_M00321 | NFAから連携されたSIMグループを保持しCOP審査依頼時にSIMグループを連携
2024013000006 | COP_M00365 | SIMグループからTHALESもしくはIDEMIAのeSIM商品コードとICCIDを自動払い出し
2024013000006 | YM_OLS（システム正式名称なし） | 販売管理ツール製品設定画面で機種コード取り込みによる自動反映を行う
2024013000006 | YM_OLS（システム正式名称なし） | 対応pSIM項目でpSIM商品コードを手動選択せずMARS構成マスタ値を表示
2024013000006 | YM_OLS（システム正式名称なし） | 対応eSIM項目でeSIM商品コードを手動入力せずMARS関連マスタ値を表示
2024013000006 | YM_OLS（システム正式名称なし） | eSIM対応有無選択に応じて対応eSIM項目を活性化し自動取得値を反映
2024013000006 | YM_OLS（システム正式名称なし） | SIMグループ取得不可時にSIMグループ“401001”を固定設定する処理を保持
2024021400006 | Cindy_M00364 | My SoftBankのSIM再発行・eSIM再発行メニューで4:00～23:15受付制御を追加する
2024021400006 | Cindy_M00364 | My Y!mobileのeSIM再発行・SIM交換メニューに回線認証可否判定と時間制御を実装する
2024021400006 | Cindy_M00364 | MyMenu（LINEMO）のeSIM再発行・SIM変更画面で受付時間判定とエラー表示文言を変更する
2024021400006 | Veritas_M00413 | CCOC審査結果後の自動処理時間を4:00～23:30に拡張し夜間の審査進行を可能にする
2024021400006 | Veritas_M00413 | CCOC審査通過後に有人審査に遷移する申込の審査可能時間帯を延長する
2024021400006 | CaMP_M00053 | インセンティブ計算機能で本施策による業務手数料・インセ条件に変更がない設定を維持する
2024021400006 | SCMOne_M00403 | ロジスティクス連携時刻について拡張後の夜間送信が問題ないか連携時間帯設定を確認・維持する
2024021400006 | DWH_M00853 | 速報マートの対象データ抽出条件を変更せず本施策に伴う更新要否なしとして設定を維持する
2024021400006 | Cafe_M00875 | チャットボット案内文言で新しい受付時間・IVR案内内容に合わせ表示テキストを変更する
2024021400006 | CindyM_M00648 | CS管理／専用WEBのFAQ表示に受付時間拡張内容とIVR再コール案内を追加する
2024021400006 | CASIS_M00125 | IVR連携部分で回線切替可否のエラーコードを受付種別ごとに出し分けるロジックを実装する
2024021400006 | CASIS_M00125 | IVR自動音声ガイダンス用に時間外エラー内容別の音声案内パターンを追加する
2024021400006 | Kiwi_M00672 | IVR（0800系番号群）で受付時間外・有人不可時の自動音声案内と終話制御を実装する
2024021400006 | Kiwi_M00672 | 各IVRでMNP・番号移行・故障交換など業務別の受付時間判定ロジックを追加する
2024021400006 | CLS_M00676 | IVR経由の回線切替履歴にエラーコード・受付時間帯情報を蓄積する項目を追加する
2024021400006 | Chronos Billing_M00312 | 回線切替時の課金開始タイミング処理が拡張時間帯にも対応可能なよう日次バッチ条件を確認する
2024021400006 | MARS_M00306 | 回線切替結果を反映する課金系連携で深夜時間帯の処理遅延が起きないようスケジュールを調整する
2024021400006 | KIIRO_M00487 | 審査結果・受付時間情報ログに新たな時間帯区分を追加し監査性を確保する
2024021400006 | Cafe_M00875 | eSIM開通アプリやオンラインUIで手続き導線のわかりにくさ解消のため案内フローを改善する
2024031900015 | フロント | YMOLS申込状況確認サイト不備修正画面にeKYC再撮影ボタンを追加しFASEへ遷移可能とする
2024031900015 | フロント | 不備修正画面に「申込情報修正」「再撮影」等の修正方法選択肢を表示し分岐制御を追加する
2024031900015 | フロント | 不備修正画面からeKYC画面遷移時の戻り先URLパラメータを設定し不備修正画面へ復帰させる
2024031900015 | フロント | PayPayミニアプリ仕掛中画面にeKYC不備時の修正導線表示等の画面改修を実施する
2024031900015 | OLS_M00494 | 申込状況確認サイト上でeKYC不備内容を表示し不備修正ページへ遷移させる画面およびAPIを改修する
2024031900015 | OLS_M00494 | 不備修正画面からNFAへeKYC本人確認情報を連携する既存APIの項目を再利用し接続ロジックを追加する
2024031900015 | OLS_M00494 | PPミニアプリ経由受付分についてeKYC不備時のPush通知連携情報をNFAへ渡す制御を追加する
2024031900015 | FASE | eKYC申込番号をキーにNFAからの画像取得要求を複数回受け付けるインタフェースを実装し履歴管理を可能にする
2024031900015 | OLS_M00494 | OLSCare本人確認目検タブ内の「eKYC情報」欄にNFA連携の画像履歴を一覧表示する画面改修を実施する
2024031900015 | OLS_M00494 | OLSCare不備理由選択画面に「eKYC（顔画像不一致）」等新規不備理由を追加し選択連動ロジックを実装する
2024031900015 | OLS_M00494 | OLSCareで不備理由選択時に既存不備メールテンプレートで不備対応メールを送信する処理を追加する
2024031900015 | OLS_M00494 | OLSCareのeKYC関連不備理由選択時にNFAマスタ管理の案内文言を参照しフロントへ表示する連携を行う
記載なし | OLS_M00494 | Apple OLS取次ぎ受付機能にて機種変更の在庫なし2ステップ受付を除外する判定ロジックを追加
記載なし | OLS_M00494 | 契約種別（新規・MNP・機種変更）と在庫有無を判定し機種変更のみ一時受付対象外とする受付制御を実装
記載なし | CCOC_M00321 | CCOCでのApple OLS取次ぎオーダー連携時に機種変更＋在庫なしパターンの受付レコード生成を抑止する処理を追加
2024040500003 | CCOC_M00321 | Apple OLSからの高頻度申込連携に対する受付処理の負荷耐性確認およびキャパシティ上限整理
2024040500003 | CaMP_M00053 | Apple OLS経由のSIM単体契約データ登録処理の性能測定とピーク時トランザクション対応可否の検証
2024040500003 | COP_M00365 | Apple OLS取次契約に関する契約情報連携処理のスループット確認と高負荷時のボトルネック調査
2024040500003 | DWH_M00853 | Apple OLS関連契約データ蓄積バッチの処理時間・件数上限確認とピーク時影響範囲の洗い出し
2024040500003 | CindyM_M00648 | Apple OLS経由申込のフロント表示用データ参照負荷の測定と同時アクセス数増加時の影響分析
2024040500003 | NFA_M00632 | OLS-Careとの連携を含む認証・審査関連処理のトランザクション上限確認とスケールアウト余地調査
2024040500003 | cassis（正式名称記載なし） | Apple OLSからの申込情報API受付処理の負荷計測と高トラフィック時エラー率の確認
2024040500003 | OLS-Care（正式名称記載なし） | Apple OLS取次案件のCare系処理負荷確認とバックオフィス処理能力のボトルネック抽出
2024040500003 | GINIE（正式名称記載なし） | Apple OLS起因契約の問い合わせ対応時の情報参照負荷確認とピーク時レスポンス検証
2024040500003 | MySB（正式名称記載なし） | Apple OLS由来回線の契約情報・請求情報照会アクセス集中時の性能確認
2024040500003 | MySBアプリ（正式名称記載なし） | Apple OLS経由契約に対するアプリ照会機能の負荷影響測定
2024040500003 | IVR（正式名称記載なし） | Apple OLS契約に関する音声自動応答での情報照会処理負荷の確認
2024040500003 | CORELIS（正式名称記載なし） | Apple OLS起因契約のコールセンター支援画面のレスポンスおよび同時接続数確認
2024040500003 | POS（正式名称記載なし） | Apple OLS経由契約を扱う店頭関連処理有無と負荷影響の有無確認
2024040500003 | 料金シミュレータ（正式名称記載なし） | Apple OLS起因の料金試算アクセス集中有無とシステム負荷影響の確認
2024040500003 | G3 FAX（正式名称記載なし） | Apple OLS関連でのFAX連携有無を確認し、該当時の処理件数上限評価
2024040500003 | BFS（正式名称記載なし） | Apple OLS取次案件の請求・課金処理における高負荷時の処理能力確認
2024040500003 | 法人OLS（正式名称記載なし） | Apple OLS要件との関係性有無の確認および影響がある場合の負荷評価
2024040500003 | YM-OLS／LM-OLS（正式名称記載なし） | 他ブランド向けOLSへの波及影響有無と共通基盤負荷の洗い出し
2024051400007 | かんたん手続き | 受付状況一覧画面の業務名項目にイベント表示を追加する改修
2024051400007 | かんたん手続き | iPad GINIEホスト名を取得しイベント端末判定するロジックを追加
2024051400007 | かんたん手続き | イベント受付フラグとホスト名をDWH連携用データに保持する実装を追加
2024051400007 | GINIE | 記載なし（KICK OFF資料上「GINIE開発は不要」と明記）
2024051400007 | DWH | B_JFR_KIOSK受付基本情報テーブルにiPad GINIEホスト名項目を追加し連携
2024051400007 | DWH | B_JFR_KIOSK受付状況照会テーブルにiPad GINIEホスト名項目を追加し連携
2024051500001 | GINIE | 顧客照会画面で本人確認強化POPUP表示とレ点入力を必須化する改修
2024051500001 | GINIE | 手続き開始時に対象業務判定し対象外チェック欄表示有無を制御するロジック追加
2024051500001 | GINIE | 機種変更・番号移行・USIM再発行・eSIM再発行で本確読込処理を必須チェックに変更
2024051500001 | GINIE | 本人確認イメージデータをCCOC連携用に取得・送信するインターフェース処理の追加
2024051500001 | GINIE | マイナンバーカードICチップ有無を確認する読取機能を本人確認処理に追加
2024051500001 | かんてつ | 本人確認強化POPUPの文言や対象業務定義を管理する画面・マスタを追加
2024051500001 | かんてつ | 機種変更・番号移行など対象業務における本確読込必須フラグ制御ロジックを実装
2024051500001 | かんてつ | マイナンバーカードICチップ有無確認の結果を表示・保存する機能を本人確認画面に追加
2024051500001 | CCOC_M00321 | GINIEから連携される本人確認イメージデータを受信し審査PF向けに保持する機能追加
2024051500001 | 審査PF_M00555 | 受領した本人確認イメージを用い対象業務の審査を必須実行する審査フローの追加
2024052200003 | 記載なし | BOS請求書再発行登録画面の発送料表示項目を77円から100円へ変更
2024052200003 | 記載なし | Corelis Care通話明細書発行受付画面の郵送料表示を84円から110円へ変更
2024052200003 | 記載なし | My SB通話料明細書発行受付画面の郵送関連金額を新料金100/200/300円へ変更
2024052200003 | 記載なし | IVCマスタの通話明細郵送料単価レコードを77円から100円へ変更
2024052200003 | 記載なし | BSS/Billingの通話明細発行課金ロジックで郵送料単価を新料金に更新
2024061100012 | 記載なし | 請求画面（確定後・計算中/確定前）の支払方法表示文言および発行日項目の非表示制御を変更（YM・LINEMO）
2024061100012 | 記載なし | 請求照会画面（確定料金）に「請求書払い（オンライン支払い）」「請求書払い（払込用紙）」を追加表示する制御を実装（YM・LINEMO）
2024061100012 | 記載なし | 請求照会画面（確定前料金）で「金融機関窓口払込」を「請求書払い」へ文言変更する制御を実装（YM・LINEMO）
2024061100012 | 記載なし | OBIトップ画面に窓口（SMS/紙）契約向けの支払状況一覧への導線バナーを新設し表示条件を制御（YM・LINEMO）
2024061100012 | 記載なし | 支払状況一覧画面にオンライン決済入口へのWebLinkを新設しステータス別に活性/非活性を制御（YM・LINEMO）
2024061100012 | 記載なし | オンライン決済入口画面へのWebLink（Web）を新設し、窓口払いユーザーを遷移させる導線制御を実装（YM・LINEMO）
2024061100012 | 記載なし | OBIトップの表示ロジックを支払方法と決済ステータスに応じて「支払い誘導」「決済確認中」に切替制御（YM・LINEMO）
2024061100012 | 記載なし | 支払状況一覧のステータスコード（AP/BP/CP/NP/ZE）と支払方法コードを用いた文言表示ロジックを変更（YM・LINEMO）
2024061100012 | 記載なし | オンライン決済可能上限金額を20万円から30万円へ変更する判定ロジックを決済画面側に実装（YM・LINEMO）
2024061100012 | 記載なし | オンライン決済対象期間を最大3か月から最大6か月に拡張する月選択ロジックを決済画面に実装（YM・LINEMO）
2024061100012 | 記載なし | 単月で上限金額以上の場合にその月の選択を不可とし警告メッセージを表示する制御を追加（YM・LINEMO）
2024061100012 | 記載なし | 6か月超の未払い存在または未払い最古月30万円以上の場合にオンライン決済遷移時エラー画面へ分岐制御を追加（YM・LINEMO）
2024061100012 | 記載なし | オンライン決済画面上の「手数料」「支払上限金額」「払込用紙」関連文言を削除・更新する表示制御を変更（YM・LINEMO）
2024061100012 | 記載なし | 決済画面に「手数料」枠を新設し選択された支払方法に応じて手数料金額を動的表示するJSロジックを実装（YM・LINEMO）
2024061100012 | 記載なし | 各支払確認画面（PayPay・クレジット・コンビニ・Pay-easy）に手数料枠を追加し文言を統一表示する制御を実装（YM・LINEMO）
2024061100012 | 記載なし | 滞納請求抑止フラグを参照しオンライン決済導線を開放する条件分岐をOBIトップと支払状況一覧に追加（YM・LINEMO）
2024061100012 | 記載なし | 通常請求抑止フラグの場合は金額・導線を表示しない既存制御を維持するロジックを確認・明示化（YM・LINEMO）
2024061100012 | 記載なし | オンライン決済対象外時に表示するエラーメッセージパターンを整理しOBI側判定ロジックに紐付けて実装（YM・LINEMO）
2024061100012 | 記載なし | 高額随時請求画面の支払上限金額を未払い決済と同一水準に変更する上限判定ロジックを実装（YM・LINEMO）
2024061100012 | 記載なし | 高額随時請求の各支払方法確認画面に手数料枠を追加しPayPay・クレジット・Pay-easyのみ表示制御を実装（YM・LINEMO）
2024061100012 | 記載なし | 高額随時請求に関する注意事項テキストを未払い決済と整合する内容へ見直すための表示文言を更新（YM・LINEMO）
2024061100012 | 記載なし | 未払いモーダルの優先順位（高額随時・未払い・早期買取NG・戻り郵便等）を維持したまま表示内容を調整（YM・LINEMO）
2024061100012 | 記載なし | My Y!mobile／My Menu等アプリ側WebView用のオンライン決済WebLinkについてアプリIT担当と連携し実装（YM・LINEMO）
2024062000014 | かんたん手続き | 料金シミュレータ連携タブにおうち割光セット（A）キャンペーン表示を追加
2024062000014 | かんたん手続き | 入力①タブに「おうち割 光セット」欄を新設し加入中・申込中回線入力項目を追加
2024062000014 | かんたん手続き | 加入中固定回線選択時に氏名・ID等入力から申込判定ボタンで加入可否判定を実装
2024062000014 | かんたん手続き | 申込中固定回線選択時に氏名・生年月日等入力から申込判定ロジックを実装
2024062000014 | かんたん手続き | SB→YM番号移行時に条件判定し「引き継ぐ／引き継がない」選択欄と固定表示項目を実装
2024062000014 | かんたん手続き | 番号移行元でおうち割加入中だが（A）未申込時のアラート表示ロジックを実装
2024062000014 | かんたん手続き | おうち割光セット申込レ点有無と既存B#状況に応じ合算請求欄表示制御ロジックを追加
2024062000014 | かんたん手続き | 合算請求解除が必要な場合に解除入力欄と申込判定ボタン・注意事項表示を実装
2024062000014 | かんたん手続き | おうち割光セット（A）申込・合算請求申込/解除時の帳票出力連携項目を追加
2024062000014 | かんたん手続き | 移転元おうち割光セット（M/テスマ）の解除申込をCCOC連携する処理を実装
2024062000015 | 料金シミュレーター | [料金シミュレータ画面]で「おうち割でんきセット（A）」選択時の見積情報をかんたん手続きへ連携
2024062000015 | 料金シミュレーター | [料金シミュレータ連携タブ]に連携された「おうち割でんきセット（A）」キャンペーンを申込キャンペーン欄へ表示
2024062800003 | GINIE | 新規・番号移行の「その他」欄カメラボタンでICチップ読取後IC有無判定処理を追加
2024062800003 | GINIE | 新規・番号移行の「その他」欄ICチップ有無結果をCCOC連携用データ項目へ格納
2024062800003 | GINIE | 新規・番号移行の「その他」欄ICチップ有無結果をDWH連携インタフェースに出力
2024062800003 | GINIE | 新規・番号移行の「その他」欄カメラボタンに真贋チェック呼出しロジックを追加
2024062800003 | GINIE | 故障（USIM再発行/交換/eSIM再発行）でpSIM/eSIM発行画面に強化対策ポップアップ表示処理を追加
2024062800003 | GINIE | 移動機修理受付画面で代替機貸出選択後に本人確認強化ポップアップを表示する制御を追加
2024062800003 | GINIE | 移動機交換画面でeSIM切替および代替機貸出時に本人確認強化ポップアップを表示
2024062800003 | GINIE | メモリデータ復旧画面で代替機貸出あり選択時に本人確認強化ポップアップを表示
2024062800003 | GINIE | 故障受付ポップアップに強化対応4種選択肢と故障専用文言を設定し表示文言を変更
2024062800003 | GINIE | 故障受付ポップアップで選択された強化対応コードをDWH連携用項目に格納
2024062800003 | GINIE | 番号移行本確読込画面「その他」欄カロリーメイト文言に代理人受付不可の追記を反映
2024062800003 | GINIE | 番号移行で移行元契約者＝移行先契約者選択時に本人確認書類選択肢から＋補助書類等を除外
2024062800003 | GINIE | 番号移行で本人確認書類「補助書類」カメラボタンの入力必須制御を任意へ変更
2024062800003 | GINIE | 機種変更S/Yマーク画面「I（その他）」入力欄の禁則文字一覧に故障画面と同等の文字を追加
2024062800003 | GINIE | 機種変更S/Yマーク付与画面のカメラボタン表示を個人対面チャネルで非表示に変更
2024062800003 | GINIE | 機種変更S/Yマーク画面の確認書類読込欄カロリーメイト文言を2024年8月以前の内容に復元
2024062800003 | GINIE | 複数業務受付画面で機変→新規パターンの証明書番号自動連携と新規側カメラ非活性制御を追加
2024062800003 | GINIE | 複数業務受付の機変→機変パターンで2回線目以降の本確カメラボタンを非活性とする制御を追加
2024062800003 | GINIE | 複数業務受付における本人確認担当者欄を対象全パターンで連動させるロジックを追加
2024062800003 | GINIE | 代理人受付時の本人確認書類読込でブラウザAPI経由カラーJPEG保存指定を行う処理を追加
2024062800003 | GINIE | 番号移行その他カメラボタンで代理人本確読込時にカラーJPEG形式で画像連携する制御を追加
2024062800003 | GINIE | 対面・非対面チャネル種別を判定し非対面時に本人確認未添付不問メモ出力を許可するチェックを追加
2024062800003 | GINIE | 非対面チャネル識別ロジックを番号移行・機種変更・故障系画面の本人確認添付判定に組み込み
2024062800003 | CCOC | ICチップ有無情報を受領しSマーク審査用入力テーブルに格納する項目を追加
2024062800003 | CCOC | GINIEから受領したICチップ有無情報をSマーク審査ロジックの判定条件に組み込む処理を追加
2024062800003 | DWH | GINIEから連携されるICチップ有無情報（本人・代理人）を格納するカラムを対象マートに追加
2024062800003 | DWH | 故障受付の本人確認強化対応コード01～04をB_COC申系マートへ連携・保持する項目を追加
2024062800003 | DWH | 汎用属性値01（汎用種別1008）をL2層で抽出可能とするビューおよびETL処理を追加
2024062800003 | DWH | L3マートb_ccc_申込書契約者汎用からL2抽出用の汎用属性値01データ連携ジョブを追加
2024062800003 | DWH | 非対面チャネルで本人確認未添付不問メモ出力有無を集計可能とする属性項目を新設
2024062800003 | OLS_M00494 | 番号移行本確読込画面「その他」欄のカロリーメイト文言をGINIEと同内容へ変更
2024062800003 | OLS_M00494 | 番号移行で移行元契約者＝移行先契約者の場合の本人確認書類選択肢から補助書類を除外
2024062800003 | OLS_M00494 | 代理人受付時の本人確認書類画像をブラウザAPI指定によりカラーJPEGで取得・連携
2024062800003 | OLS_M00494 | 非対面チャネル受付における本人確認未添付不問メモの出力制御をGINIEと同条件で追加
2024072300015 | Chronos Billing_M00312 | 他システム試験支援用にPayPay取引番号データを作成・提供
2024072300015 | OBI | PayPayオンライン決済関連画面の「決済番号」表示文言を「取引番号」へ変更
2024072300015 | 販売管理ｼｽﾃﾑ_M00050 | PayPay決済関連画面の「PayPay決済番号」表示文言を「PayPay取引番号」へ変更
2024072300015 | GINIE | 「決済番号」を表示・出力している全ての画面・帳票の文言を「取引番号」へ変更
2024072300015 | CindyM_M00648 | PayPayオンライン決済関連SMS文面中の「決済番号」表記を「取引番号」へ変更
2024072300015 | CORELIS Care | 改修不要である旨を反映し関連仕様書に影響なしとして整理
2024072900004 | Chronos Billing_M00312 | 群次請求処理の請求書発行手数料単価を200円から230円に変更
2024072900004 | Chronos Billing_M00312 | 請求書OPおよび窓口請求書用料金マスタの手数料単価設定を230円に更新
2024072900004 | Chronos Billing_M00312 | 請求書発行手数料が記載されたシステム保有帳票テンプレートの金額表記を230円へ差替え
2024072900004 | Chronos Payment_M00312 | 滞納判定処理で発生させる滞納請求書発行手数料単価を200円から230円に変更
2024072900004 | Chronos Payment_M00312 | クレ与信NG請求書に紐づく手数料発生レコードの単価を新料金230円に変更
2024072900004 | IVC | クレ与信NG処理の請求書発行手数料連携データに新単価230円を設定しChronos側へ連携
2024072900004 | BSS | 請求書再発行・機種代金通知書再発行処理で生成する手数料データの単価を230円に変更
2024072900004 | MARS_M00306 | 請求書発行手数料および関連手数料の料金リファレンス内単価情報を200円から230円に変更
2024072900004 | COP_M00365 | 請求書関連手数料を計上する料金計算ロジックの参照単価を230円に更新
2024072900004 | OBI | 請求書発行オプション申込画面の月額手数料表示を200円から230円へ改定
2024072900004 | OBI | 窓口での請求書再発行受付画面の手数料表示金額を新料金230円に更新
2024072900004 | OBI | 請求書発行手数料を案内するフロント画面の説明文中の金額表記を230円に修正
2024072900004 | CORELIS Care | 再発行受付時に表示される請求書再発行手数料金額を200円から230円に変更
2024072900004 | CORELIS Care | 機種代金通知書再発行受付画面の手数料表示項目を新料金230円に更新
2024072900004 | WNF | 請求書関連手数料が記載されたフロント画面の表示金額および説明文を230円に更新
2024072900004 | SUMMIT | 請求書発行手数料を参照する料金関連画面や帳票テンプレートの単価表記を230円に変更
2024072900004 | OLS_M00494 | YM／LINEMO／法人向けOLSフロント画面の請求書発行手数料表示金額を230円に更新
2024072900004 | NFA_M00632 | オンラインフロントにおける請求書手数料案内文の金額を200円から230円に変更
2024072900004 | CindyM_M00648 | 請求書OP加入者向けメール送付時のテンプレート内に記載の手数料金額を230円に修正
2024072900004 | CCOC_M00321 | コールセンター向けナレッジ・応対支援画面の請求書手数料金額表示を230円へ変更
2024072900004 | DWH_M00853 | 請求書関連手数料の単価マスタデータおよび分析用定義値を200円から230円に更新
2024072900004 | Kiwi_M00672 | 料金シミュレータ機能で使用する請求書発行手数料単価を230円に変更し試算結果へ反映
2024072900004 | CLS_M00676 | 料金シミュレータ公開用画面の請求書手数料表示を200円から230円へ更新
2024072900004 | CASIS_M00125 | 請求書関連契約情報を保持するマスタの手数料定義値を200円から230円に更新
2024072900004 | SCMOne_M00403 | 請求書発行関連の内部資料・帳票テンプレートに記載された手数料金額を230円に変更
2024072900004 | Cafe_M00875 | ナレッジページやログジェネ連携情報内の請求書手数料金額表記を230円へ修正
2023030300008 | CCOC_M00321 | 滞納／高額随時による回線停止後のNW利用制限連携条件を初回割賦債権未納のみ対象に変更
2023030300008 | COP_M00365 | 回線停止から25日経過時にSLMへ初回割賦残債有無を照会し未納端末IMEIのみNW制限対象として連携
2023030300008 | COP_M00365 | NW制限・解除時のODR連携項目に初回割賦債権フラグおよび規制／解除情報を追加し15分間隔で送信
2023030300008 | SCMOne_M00403 | トクサポ／下取り査定時に申込端末S#紐づくB#のコレクションステータスと仮入金インジケータで滞納自動判定ロジックを追加
2023030300008 | SCMOne_M00403 | トクサポキャンセル時にST115到達で残債免除取消情報をSLMへ連携しST980以降の重複連携を抑止
2023030300008 | CaMP_M00053 | 端末代金残債有無判定ロジック「e」に初回割賦債権滞納のみでNWステータス×とする条件を実装
2023030300008 | CaMP_M00053 | ODR・SLMからの規制／解除情報を用いた日次洗替処理で×→〇変化および初回入金取消時の〇→×反映を追加
2023030300008 | SLM | COPからの問い合わせに対し初回割賦請求分の残債有無を判定しNW制限対象可否を返却するAPIロジックを変更
2023030300008 | SLM | SCMOne_M00403からのトクサポ残債免除取消連携をST115起点に受信し、後続ステータスでは再連携不要とする制御を追加
2023030300008 | PRV | 記載なし
2023030300008 | EIR | COP経由のNW制限対象IMEIのブラック登録を初回割賦未納端末に限定し解除情報受信で解除処理を行うロジックに変更
2023030300008 | 交換機 | EIRブラック登録状態に応じた通信可否制御を初回割賦債権ルールに基づき更新
2023030300008 | ODR | COPから受信するIMEI単位の規制・解除データに初回割賦債権区分を保持しCaMP_M00053の判定用情報として集約
2023030300008 | Payment | 各B#請求月の入金情報から請求金額満額入金判定を行い、満額入金時にCaMP_M00053または関連IFへステータス変更トリガを送信
2023030300008 | DWH_M00853 | トクサポ／下取りの査定結果連携テーブルに「不備理由コード」カラムを新設し滞納返却理由を区別可能とする
2023030300008 | Web情変_M00019 | トクサポ権利行使・下取り申込時にB#コレクションステータスがCR以外の場合に滞納判定とするロジックへ変更
2023030300008 | Web情変_M00019 | NW利用制限確認Web画面でIMEI入力時のステータス表示ロジックを初回割賦債権未納×／全額入金〇へ改修
2023030300008 | CaMP_M00053 | NW利用制限ステータスをWeb情変_M00019向けに提供するIFの出力項目・判定結果種別を新仕様に合わせて変更
2023030300008 | Cafe_M00875 | トクサポおよび下取り査定情報参照画面に滞納判定結果と不備コードE033の表示項目を追加
2023030300008 | Cindy | 記載なし
2023030300008 | MARS_M00306 | トクサポ・下取り関連の債権状況レポートに新設された不備理由コードを集計可能とする帳票ロジックを追加
2023030300008 | OLS_M00494 | 記載なし
2023030300008 | NFA_M00632 | 記載なし
2023030300008 | NFA2.0_M00802 | 記載なし
2023030300008 | CASIS_M00125 | 記載なし
2023030300008 | Lampas_M00881 | 記載なし
2023030300008 | Kiwi_M00672 | 記載なし
2023030300008 | CLS_M00676 | 記載なし
2023030300008 | 審査PF_M00555 | 記載なし
2023030300008 | トークン_M00567 | 記載なし
2023030300008 | Web情変_M00019 | トクサポ申込画面での滞納チェック結果をフロントにエラーメッセージ表示し権利行使NG時の入力制御を行う処理を追加
2024080800007 | かんたん手続き | 記載なし
2024080800007 | Jafar | 記載なし
記載なし | Chronos Billing_M00312 | SBブランド向け高額案内検知金額を4万円から3万円へ変更する
記載なし | BSS | SBブランド向け緊急対応の検知閾値を8万円から4万円に変更する
記載なし | BSS | YMおよびLINEMO向け緊急対応の検知閾値を8万円から4万円に変更する
記載なし | BSS | 既存のリスクスコア判定ロジックは変更せず閾値金額のみを更新する
記載なし | COP_M00365 | 高額要因別に個別の検知金額を設定可能とする画面・マスタを追加する
記載なし | COP_M00365 | 個人・法人区分に応じた異なる閾値金額を設定・参照する処理を追加する
記載なし | COP_M00365 | 同一高額要因に対して複数の閾値を保持し判定する機能を追加する
記載なし | COP_M00365 | 閾値金額および設定値をリアルタイムにカスタム修正可能な管理画面を追加する
記載なし | BSS | 高額要因別の検知金額および個人・法人区分別閾値を管理するマスタ機能を追加する
記載なし | BSS | 同一高額要因に複数閾値を持たせ顧客属性別に判定するロジックを追加する
2024082600012 | DWH_M00853 | CCOCから連携される審査スキップ関連属性・件数情報を格納するテーブル・項目を追加
2024082600012 | DWH_M00853 | 審査スキップ発動により特属性が外れた申込のみをカウントする集計ロジックを実装しレポート出力基盤を整備
2024082700012 | CCOC_M00321 | FAX申込経路で持込新規／機種変更時に他社規制IMEIをワーニング表示し受付可とする画面制御を追加
2024082700012 | CaMP_M00053 | 自社規制端末のステータス変更時にCOPのIMEI規制情報と整合するよう強制ステータス変更連携ロジックを維持・調整
2024082700012 | CaMP_M00053 | ネットワーク利用制限HP表示用に自社規制IMEI情報を抽出しWeb情変_M00019へ連携するバッチ処理を維持・拡張
2024082700012 | PRV_M00000 | COPから連携される自社／他社IMEI規制情報を受け取り、交換機に対するNW制限／解除オーダーを行う受信インターフェースを拡張
2024082700012 | PRV_M00000 | G10からの手動登録分について即時反映し、夜間バッチ分については当日夜間に一括反映する処理スケジュールを定義
2024082700012 | EIR_M00000 | 他社IMEIのNW規制件数増加に備え、受信データ容量と照会負荷を想定した設備増強対応（収容数・性能パラメータ設定）を実施
2024082700012 | GINIE_M00000 | 持込新規（USIM単体）時に自社ME詳細ステータスB1/B2/B6/B8端末の受付不可エラーチェック（N0388）を維持し、かんたん手続きとロジックを統一
2024082700012 | GINIE_M00000 | 他社規制IMEIで持込新規／機変を受け付ける際、規制中・キャリア名をポップアップでワーニング表示し受付継続可とする機能を追加
2024082700012 | GINIE_M00000 | 他社規制端末受付時の注意事項を帳票に印字し、8日間キャンセル不可であることの確認文言を追加する帳票出力改修を実施
2024082700012 | かんたん手続き_M00000 | YM新規の機種持込時にGINIEと同等のME詳細ステータスエラーチェックを実装し、自社規制端末の受付を禁止するロジックを追加
2024082700012 | かんたん手続き_M00000 | 他社規制IMEIで持込新規／機変受付時にワーニング表示と注意事項表示を行うフロント画面制御を追加
2024082700012 | CORELISCare_M00000 | IMEIをキーとした自社／他社のNW利用制限状況を照会する新検索メニューを追加し、事業者名・機種名・規制理由を表示する画面を実装
2024082700012 | CORELISCare_M00000 | 規制解除受付画面で他社IMEIの解除不可／自社IMEIのみ操作可能とする制御ならびに履歴表示機能を拡張
2024082700012 | CaMP_M00053 | CORELISCareおよびGINIEからのIMEI規制照会で利用する自社端末管理情報をCOPと整合するよう項目・連携IFを見直す
2024082700012 | SLM_M00000 | 自社端末カテゴリー管理の中でネットワーク利用制限状態と連携し、保証サービスロジックへの影響がないことを確認し必要なパラメータを追加
2024082700012 | Cindy_M00364 | メール送付にM3を利用する場合、他社規制端末案内メールを統合履歴へ投入する連携ロジックを設定
2024082700012 | CindyM_M00648 | 他社規制端末に関する案内を送信した場合、コンタクト履歴（Omnibus）へ自動反映する連携設定を追加
2024082700012 | OLS_M00494 | SB-OLS／YM-OLS／LM-OLSで持込新規（USIM単体）購入ページにIMEI入力欄の有無を整理し、対象外チャネルとしてNW制限チェックを行わない制御を維持
2024082700012 | Cafe_M00875 | SIM単体契約者向け「持込端末保証 with AppleCare Services」申込画面でIMEI規制チェックを行い、規制対象時は受付不可とするロジックを追加
2024082700012 | Cafe_M00875 | 持込端末保証ACS加入時の注意事項文面を差し替え、ネットワーク利用制限端末は保証対象外である旨を追記する帳票改修を実施
2024082700012 | SCMOne_M00403 | 下取り申込時にIMEI規制状態をCOPから参照し、規制対象端末の下取り受付を不可とするチェックロジックを実装
2024082700012 | CME_M00817 | 他社規制対象端末で持込新規／機変を実施した回線について、照会時に該当であることをメッセージ表示する機能を追加
2024082700012 | CaMP_M00053 | クルーナビ上の「ネットワーク利用制限（端末利用規制）」案内に他社規制端末の扱いや持込USIM契約時の注意事項を反映する情報更新を実施
2024082700012 | NFA_M00632 | コールセンターIVRからCORELISCareへの接続時、IMEI規制情報照会メニューへの誘導を追加するシナリオ設定を更新
2024082700012 | FINE_M00000 | KDDIファイルストレージから自社向け他社規制IMEIファイルを取得し、COP取込用としてG10で参照可能とするアップロード／ダウンロード機能を実装
2024082700012 | G10_M00000 | 他社IMEI規制情報ファイルのアップロード／ダウンロード、およびエラーファイル出力・個別IMEI登録／修正を行う画面機能を実装
2024091100003 | Web情変_M00019 | 記載なし
2024091100003 | MGS_M00049 | 記載なし
2024091100003 | 販売管理ｼｽﾃﾑ_M00050 | 記載なし
2024091100003 | CaMP_M00053 | 記載なし
2024091100003 | MARS_M00306 | 記載なし
2024091100003 | Chronos Billing_M00312 | 記載なし
2024091100003 | CCOC_M00321 | 記載なし
2024091100003 | Cindy_M00364 | 記載なし
2024091100003 | COP_M00365 | 記載なし
2024091100003 | SCMOne_M00403 | 記載なし
2024091100003 | Veritas_M00413 | 記載なし
2024091100003 | KIIRO_M00487 | 記載なし
2024091100003 | OLS_M00494 | 記載なし
2024091100003 | 審査PF_M00555 | 記載なし
2024091100003 | トークン_M00567 | 記載なし
2024091100003 | NFA_M00632 | 記載なし
2024091100003 | CindyM_M00648 | 記載なし
2024091100003 | NFA2.0_M00802 | 記載なし
2024091100003 | Cafe_M00875 | 記載なし
2024091100003 | CASIS_M00125 | 記載なし
2024091100003 | Lampas_M00881 | 記載なし
2024091100003 | DWH_M00853 | 記載なし
2024091100003 | Kiwi_M00672 | 記載なし
2024091100003 | CLS_M00676 | 記載なし
2024091100003 | Jafar（正式名称の記載なし） | 見積展開対象だが改修内容の詳細は記載なし
2024091100003 | かんたん手続き（正式名称の記載なし） | 新付属品販売対応が必要だが改修内容の詳細は記載なし
2024091700003 | SB-OLS（正式名称記載なし） | OLS申込画面で新規・機種変更・番号移行等の受付時間制御を0:00～23:15に拡張
2024091700003 | SB-OLS（正式名称記載なし） | MNPおよびCIC・有人審査必要申込の受付時間を現行時間帯でエラー判定する制御を維持
2024091700003 | YM-OLS（正式名称記載なし） | YMオンラインストア申込の受付時間制御を0:00～23:15に拡張し非対象時間をエラー返却
2024091700003 | LM-OLS（正式名称記載なし） | LINEMOオンラインストア申込の受付時間判定を0:00～23:15に変更
2024091700003 | My SoftBank（正式名称記載なし） | MySBの機種変更・SIM再発行等の申込受付時間を0:00～23:15に拡張
2024091700003 | My Y!mobile（正式名称記載なし） | MyYMの機種変更・SIM再発行申込受付時間を0:00～23:15に拡張
2024091700003 | My MENU（正式名称記載なし） | MyMenuでの対象手続き受付時間判定を0:00～23:15に変更
2024091700003 | pSIM再発行サイト（正式名称記載なし） | セルフpSIM再発行受付時間を0:00～23:15、時間外はエラー返却とする制御を実装
2024091700003 | eSIMクイック転送（正式名称記載なし） | eSIMクイック転送の受付時間を0:00～23:30に変更し時間外エラー判定ロジックを追加
2024091700003 | Cindy_M00364 | 開通関連帳票・画面の回線切替時間表記を0:00～23:15およびクイック転送0:00～23:30に修正
記載なし | OLS_M00494 | 申込受付機能で契約種別・SIM同梱有無に応じ出荷情報を2明細へ変換するロジックを追加
記載なし | OLS_M00494 | 出荷指示連携機能で移動機明細とSIM明細を分け、SCMOneへ送信するデータフォーマットを変更
記載なし | OLS_M00494 | 新規・機種変更・移動機単体・SIM単体の各パターンで明細種別、商品コード、SIMタイプ、IMSI、出荷区分を設定する変換テーブルを追加
記載なし | OLS_M00494 | SCMOneから返却される出荷実績を新仕様に合わせて受領・反映する処理を確認し、必要に応じてマッピングを調整
記載なし | SCMOne_M00403 | OLSから連携される2明細（移動機・SIM）出荷データを受領し、自動梱包処理へ引き渡す試験を実施（本番ロジックは現行維持想定）
記載なし | SCMOne_M00403 | SLIMSを含む出荷実績連携試験で、新旧明細構成の差異が在庫および出荷実績処理へ影響しないことを検証
2024091900022 | GINGER（SBID管理基盤として記載） | オンライン契約時の申込メールアドレスを連絡先メールアドレスとして登録・更新する
2024091900022 | SB-OLS（正式名称記載なしのためシステム名のまま） | 新規・MNP・番号移行フロント入力欄でメールアドレス取得とNFA送信処理を追加する
2024091900022 | YM-OLS（正式名称記載なしのためシステム名のまま） | 新規・MNP・番号移行時の申込メールアドレス取得とNFA連携ロジックを実装する
2024091900022 | LINEMO-OLS（正式名称記載なしのためシステム名のまま） | 番号移行時のメールアドレス上書き挙動をYMと同仕様で明文化し設定する
2024091900022 | My! SoftBank／My! Ymobile／My!menu | 契約内容確認・変更ページからSBIDメール管理画面への誘導リンクを表示する
2024101100002 | かんたん手続き | おうち割光セット入力画面に固定回線種別選択「ケーブルライン」を追加する
2024101100002 | かんたん手続き | 「ケーブルライン」選択時に固定回線契約者名・照会種別・名義区分入力を必須化する
2024101100002 | かんたん手続き | 「ケーブルライン」選択時に注意ポップアップを表示し、問い合わせ先を案内する
2024101100002 | かんたん手続き | 申込判定ボタン押下でケーブルライン回線照会と加入可否判定を実行し結果を表示する
2024101100002 | かんたん手続き | 入力②タブでおうち割光セット専用同意書と家族確認書類の読込制御を実装する
2024101100002 | かんたん手続き | 申込登録時に加入中割引種別を判定し光おトク割自動解除とおうち割適用を行う
2024101100002 | かんたん手続き | おうち割光セット（A）（ケーブルライン）申込時に帳票印字用の申込情報を出力する
2024101100002 | CCOC_M00321 | おうち割光セット（A）申込時にキャンペーンID「7302」を受信し申込データを登録する
2024101100002 | CCOC_M00321 | プロダクトID「P52A0002」と特典コード「2100001305」をCOP連携用項目に設定する
2024101100002 | CCOC_M00321 | 合算請求希望時にB#プロダクト「209M0001 光回収代行（YM）」を契約情報へ付与する
2024101100002 | COP_M00365 | CCOCからおうち割光セット（A）（ケーブルライン）申込情報を受け登録・更新処理を行う
2024101100002 | COP_M00365 | 月次バッチでおうち割光セット適用判定を実施し割引終了時にCindy通知トリガーを設定する
2024101100002 | KIIRO_M00487 | 申込内容確認書におうち割光セット（A）（ケーブルライン）申込キャンペーンを印字する
2024101100002 | KIIRO_M00487 | 料金一覧・CP別紙に対象プロダクトと割引内容・受付時注意文言を印字する
2024101100002 | DWH_M00853 | COPから受領したおうち割光セット適用情報とケーブルライン識別子を保持・更新する
2024101100002 | DWH_M00853 | ケーブルライン種別に応じて先頭6桁識別ロジックで光電話種別を分類し集計可能とする
2024101100002 | Cindy_M00364 | 月次バッチ結果に基づきおうち割光セット割引終了時のYM顧客向け通知メッセージを送信する
2024101100002 | Veritas_M00413 | おうち割光セット（A）（ケーブルライン）に関する料金仕様設定とキャンペーン紐付けを更新する
0000020091896 | COP_M00365 | 支払情報管理テーブルのbank_id「0118」を「0117」に一括更新するデータパッチ実施
0000020091896 | COP_M00365 | データパッチ対象抽出条件（pymt_cde='02'等）を「0118」口振レコードに限定して設定
0000020091896 | COP_M00365 | delete_ind='N'かつeffective_dt_to>='2025/03/21'の有効レコードのみパッチ対象とする条件設定
0000020091896 | COP_M00365 | 有効開始日が2030年以降の将来日レコードも含めて「0118」レコードをパッチ対象とするロジック適用
0000020091896 | COP_M00365 | 支店コード変換ロジックをPaymentとの擦り合わせ結果に基づき適用し支店不整合を解消
0000020091896 | COP_M00365 | パッチ実行後に対象B#リストのキーファイルをBillingへPortam連携するバッチ処理を実行
0000020091896 | COP_M00365 | パッチ対象B#一覧を業務部門へ出力し統合履歴登録用データとして提供
0000020091896 | Chronos Billing_M00312 | COPから受領したキーファイルを取り込み該当B#の請求情報を自動再計算
0000020091896 | Chronos Billing_M00312 | 再計算後の請求結果から「0118」向け請求が発生しないことを検証するチェック処理実施
0000020091896 | ChronosPayment | 93MT相当ファイルを生成しCATS・COP連携用にアクティブB#の銀行ID更新データを作成
0000020091896 | ChronosPayment | B#ステータスCSを対象外とする93MTロジックの前提を整理し今後の改修検討用に条件を明文化
0000020091896 | ChronosPayment | DWHから銀行ID「0118」該当B#一覧を抽出しCOPパッチ・93MT作成用のインプットデータを作成
0000020091896 | 新CATS | Paymentからの93MTデータを受信しCOP連携用にフォーマット変換・ファイル連携を行うインタフェース処理
0000020091896 | 新CATS | 93MTファイルを媒体レスでCOPに連携するフローを定義しDVD授受部分を論理的に省略
0000020091896 | MARS_M00306 | 銀行マスタに「0117：青森みちのく銀行」を反映し「0118：みちのく銀行」を削除するマスタ更新
0000020091896 | MARS_M00306 | 試験系銀行マスタを2025/02/07までに更新しCOPリファレンス試験を可能にするスケジュール設定
0000020091896 | DWH_M00853 | 「0118：みちのく銀行」が設定されたB#を全件抽出するクエリ・ジョブを作成し一覧を出力
0000020091896 | DWH_M00853 | 抽出一覧からサ中・解約済み別の件数集計を行い93MT更新対象・パッチ対象の範囲を確認
2024120300001 | COP_M00365 | C#・B#・U#情報登録時の国籍自動判定結果に複製版審査要素の値を登録し既存ロジックを維持
2024120300001 | OLS_M00494 | 記載なし（本案件では閾値変更対象外として別案件起票と記載）
2024102500004 | Veritas_M00413 | 電話番号一覧照会で解約済回線を「解約日－1日」依存なくB#基準で参照可能に変更
2024102500004 | Veritas_M00413 | 滞納不問ホワイトリスト照会時に登録B#を優先して不問判定する検索ロジックへ変更
2024102800007 | CaMP_M00053 | Himalaya経由MNPの代理店手数料支払額を通常より増額して計上するインセンティブ計算ロジックを追加
2024102800007 | CaMP_M00053 | Himalaya経由MNPの短期解約・8日間キャンセル発生時に専用戻入金額を算出・請求する処理を追加
2024102800007 | CaMP_M00053 | Get Ready経由契約を通常受付と同一インセンティブルールで判定する支払判定ロジックを変更
2024102800007 | SCMOne_M00403 | Himalaya経由eSIM単体契約の取引情報をApple向け代理店手数料支払用データとして連携するIFを変更
2024102800007 | SCMOne_M00403 | Himalaya経由のMNP専用インセンティブ・戻入金額を管理する金額属性項目を追加
2024102800007 | COP_M00365 | Himalaya経由MNP契約を対象に増額インセンティブ条件を判定しCOP登録時に反映する処理を追加
2024102800007 | COP_M00365 | Himalaya経由MNPの解約・キャンセル時に専用戻入金額で逆仕訳を行う処理を追加
2024102800007 | DWH_M00853 | Get Ready目印および業務種別フラグを格納しApple IRO契約を分析可能にするテーブル項目を追加
2024102800007 | DWH_M00853 | carrierOrderStatusやapplicationFlow等の新API情報を蓄積するステータステーブルと格納処理を追加
2024102900025 | Cindy_M00364 | 記載なし
2024102900025 | CASIS_M00125 | 記載なし
2024102900025 | Web情変_M00019 | 記載なし
2024102900025 | MGS_M00049 | 記載なし
2024102900025 | 販売管理ｼｽﾃﾑ_M00050 | 記載なし
2024102900025 | CaMP_M00053 | 記載なし
2024102900025 | MARS_M00306 | 記載なし
2024102900025 | Chronos Billing_M00312 | 記載なし
2024102900025 | CindyM_M00648 | 記載なし
2024102900025 | OLS_M00494 | 記載なし
2024102900025 | NFA_M00632 | 記載なし
2024102900025 | NFA2.0_M00802 | 記載なし
2024102900025 | SCMOne_M00403 | 記載なし
2024102900025 | KIIRO_M00487 | 記載なし
2024102900025 | Cafe_M00875 | 記載なし
2024102900025 | Lampas_M00881 | 記載なし
2024102900025 | DWH_M00853 | 記載なし
2024102900025 | Kiwi_M00672 | 記載なし
2024102900025 | CLS_M00676 | 記載なし
2024102900025 | トークン_M00567 | 記載なし
2024102900025 | G10（システム名の正式名称記載なし） | 直投後に随時整合状態を確認する当日チェック機能を追加
2024102900025 | G10（システム名の正式名称記載なし） | 有効日入力補助により適用可能な日付のみ選択可能とする入力制御を実装
2024102900025 | G10（システム名の正式名称記載なし） | 顧客付加情報登録時に必須組み合わせ不足を検知しワーニングを表示する機能を追加
2024102900025 | G10（システム名の正式名称記載なし） | C#やB#変更手続きにおける２オペ処理を１オペ対応とする登録処理ロジックを追加
2024102900025 | G10（システム名の正式名称記載なし） | 入力ミス防止のため選択肢を絞り込み不正な組み合わせ選択を制限する機能を実装
2024102900025 | CCOM（システム名の正式名称記載なし） | 複数チャネル同時申込時の申込追い越しエラーを検知し事前にブロックするチェックを追加
2024102900025 | G13（システム名の正式名称記載なし） | 全処理データ抽出と集約機能を実装しVeritasチェック用データとして出力する処理を追加
2024102800007 | CaMP_M00053 | Apple OLS契約において契約種別情報を受信しMNP・番号移行判定ロジックを追加
2024102800007 | CaMP_M00053 | MNP・番号移行契約のみApple向け獲得インセンティブを22,000円に増額計上する処理を追加
2024102800007 | CaMP_M00053 | Himalaya経由MNP・番号移行の短期解約や8日間キャンセル時に増額分含む戻入計上処理を追加
2024102800007 | CaMP_M00053 | SCMOne_M00403連携用のインセンティブ明細データに増額分を含め出力する連携項目を追加
2024102800007 | SCMOne_M00403 | CaMP_M00053から受信した増額インセンティブ情報を明細へ反映する計上ロジックを追加
2024102800007 | DWH_M00853 | Apple連携受付データにGetReadyフラグ項目を新設しマートへ格納する処理を追加
2024102800007 | DWH_M00853 | Appleから連携された受付業務種別を格納する新項目を追加し抽出対象へ設定
2024102800007 | DWH_M00853 | Apple OLS関連の新設項目を既存マート構造に組み込み分析用ビューを拡張
2024102800007 | その他オンラインショップ関連システム | Apple OLS経由申込でのインセンティブ支払いおよび戻入処理条件を調整
2024102800007 | CCOC_M00321 | OLS_M00494からのデータ経路を見直しCaMP_M00053連携までのトランザクション整合性を確保
2024112200011 | GINIE | YM契約の機種変更受付において、USIM制御とSIM再発行対象可否ロジックを追加実装する
2024112200011 | GINIE | CASIS認証結果に基づき未成年・多回数申込・解約済等の受付不可判定と店頭誘導エラー表示を追加する
2024112200011 | SB OLS（YM/LM-OLSフロント） | 申込区分選択画面に「機種変更（pSIM/eSIM単体）」を追加し、対象8パターンを受け付ける画面遷移を実装する
2024112200011 | SB OLS（YM/LM-OLSフロント） | eSIM申込時のメールアドレス入力・OTP二要素認証画面を新設し、CASIS認証と連携させる
2024112200011 | SB OLS（YM/LM-OLSフロント） | 申込内容確認・同意画面でSIM機種変更専用の注意事項・同意文言を表示し必須チェックを取得する
2024112200011 | SB OLS（YM/LM-OLSフロント） | 申込完了画面から既存「004：審査開通型 for eSIM」「001：Web完結型」への受注区分振り分け連携を追加する
2024112200011 | YM/LM-OLS NFA連携（NFA_M00632） | OLS受付データをNFAに連携し、受付履歴表示・メール配信トリガー・強制処理制御をSIM機種変更向けに拡張する
2024112200011 | OLS_Care（芝公園センター） | pSIM/eSIM単体機種変更における受注キャンセル・持ち戻り・初期不良再出荷のオペレーション画面制御を追加する
2024112200011 | OLS_Care（芝公園センター） | 強制キャンセル・強制切替結果を確認し、必要に応じて倉庫再出荷やステータス修正ができる機能を拡張する
2024112200011 | SCMOne_M00403 | pSIM/eSIM単体機種変更の出荷指示・持ち戻り・再出荷・倉庫指定・配送日時指定処理を移動機機変同等ルールで処理するよう変更する
2024112200011 | SCMOne_M00403 | pSIM同梱物として手続き説明書面を自動同梱するための梱包指示・同梱物制御ロジックを追加する
2024112200011 | CASIS | YMOLS機種変更におけるLv2認証（二要素認証）設定を維持し、eSIM単体申込時にメールOTP認証を連携実行する
2024112200011 | CASIS | 認証結果をOLS・NFAへ連携し、未成年・対象外契約・プラン条件に応じた受付可否・eSIM型番投げ分けに利用するIFを拡張する
2024112200011 | KIIRO_M00487 | YMOLS機種変更申込の内容確認書面・アクティベーション案内書面を出力し、MyYMへの電子格納か郵送の分岐を制御する
2024112200011 | KIIRO_M00487 | pSIM形状変更時に同梱する手続き説明書面のテンプレート管理と出力指示を追加する
2024112200011 | CaMP_M00053 | YMOLS SIM機種変更獲得時の継続手数料を半額とするインセンティブ計算ロジックを追加実装する
2024112200011 | Chronos Billing_M00312 | 機種変更事務手数料3,500円とオンライン手数料免除特典CPコード8152連携に対応した課金・値引き処理を追加する
2024112200011 | Web情変_M00019 | MyYMからの書面電子格納・履歴閲覧メニューにKIIRO帳票（申込確認・アクティベーション案内）への導線表示を追加する
2024112200011 | CLS_M00676 | 回線切替（IVR/WEB）の案内文言をSIM機種変更ケースに合わせて修正し、OLSからの誘導メッセージを更新する
2024112200011 | Kiwi_M00672 | SIM機種変更関連FAQ・案内ページの文言を新受付仕様（機種変更／持込機種変更）に合わせて更新する
2024112600012 | Chronos Billing_M00312 | OLS配送料専用料金項目IDを受け取り他明細と識別可能な明細作成ロジックを追加
2024112600012 | Chronos Billing_M00312 | 配送料明細に勘定科目「7230001：運搬費」を設定しSAP連携データを生成する処理を追加
2024112600012 | Chronos Billing_M00312 | B#ベースで配送料の請求タイミングと債券種別コードを設定する料金生成ロジックを追加
2024112600012 | Chronos Billing_M00312 | 通信料同等としてPaymentへブランク種別で配送料を連携するデータ連携処理を追加
2024112600012 | KIIRO_M00487 | 付属品割賦の機種代金通知書に配送料項目を追加表示する帳票レイアウトと項目マッピングを実装
2024112600012 | KIIRO_M00487 | 付属品一括の購入代金通知書に配送料項目を追加表示する帳票レイアウトと項目マッピングを実装
2024112600012 | KIIRO_M00487 | 既存契約あり申込では配送料を月次請求書のみで表示し帳票側は非表示とする制御を追加
2024112600012 | DWH_M00853 | OLSマートb_ols_オンライン申込情報allに配送料データを既存項目「送料」として蓄積する連携処理を追加
2024120300001 | かんてつ | GINIEからの代理人フラグをCCOCへ連携するインターフェース処理を追加
2024120400013 | かんたん手続き | 記載なし
2024120400013 | Jafar | 記載なし
2024120600013 | ブラウザ | GINIEの委任状画面プリンタダイアログで両面印刷選択UIを無効化し選択不可とする制御追加
2024120600013 | ブラウザ | 京セラ製プリンタ向け印刷処理において両面印刷設定を送信しないロジックへ変更
2024120600014 | ブラウザ | GINIEログイン後TOP画面にてタブ新規起動の読み込み順序制御を変更する
2024120600014 | ブラウザ | ブックマーク押下時のコンテンツ読み込みを押下順に逐次実行するロジックを追加する
2024120600014 | ブラウザ | 二つ目以降のタブは一つ目コンテンツ表示完了後に読み込み開始する制御を実装する
2024121800014 | GINIE | 本人確認書類読込画面の画像種別プルダウンに運転経歴証明書を追加し選択可能とする改修
2024121800014 | GINIE | 店頭受付時の本人確認書類読込機能で運転経歴証明書をOCR読取対象に追加し氏名等を取得する改修
2024121800014 | GINIE | 運転経歴証明書のOCR結果（照合番号除く）を契約者情報入力画面へ自動反映し編集可能とする改修
2024121800014 | GINIE | 運転経歴証明書読取時に本人確認書類区分として運転経歴証明書を審査PFへ連携するIFを追加する改修
2024121800014 | GINIE | 運転経歴証明書読取時に本人確認書類区分と確認書タイプコード29をDWHへ連携するIFを追加する改修
2024121800014 | GINIE | 運転経歴証明書読取時に本人確認書類種別を本人確認記録COPへ連携するインターフェースを追加する改修
2024121800014 | GINIE | 不正クルーチェックロジックの対象書類に運転経歴証明書を追加し運転免許証同等の判定を行う改修
2024121800014 | かんたん手続き | 本人確認書類読込画面の画像種別プルダウンに運転経歴証明書を追加し選択可能とする改修
2024121800014 | かんたん手続き | 運転経歴証明書のOCR結果（氏名・住所等）を登録導線へ自動反映し修正可能とする改修
2024121800014 | IRIS | SoftBank ID発行・ID確認時の本人確認書類名称一覧に運転経歴証明書を追加し選択可能とする改修
2024121800014 | IRIS | 運転経歴証明書選択時もOCRによる氏名・住所自動反映を行わないよう画面仕様を維持する制御改修
2024121800015 | GINIE | マイナンバーカードICチップ読取結果から氏名・性別・生年月日・住所を契約者情報画面へ自動貼り付けする処理を追加
2024121800015 | GINIE | 住所クレンジング結果を受けた郵便番号を契約者情報画面の郵便番号欄へ自動設定する処理を追加
2024121800015 | GINIE | 契約者情報画面に「住所検索」ボタンを配置し、押下時に郵便番号候補選択ポップアップを表示する機能を追加
2024121800015 | GINIE | 住所検索ポップアップでCafeから受信した第1位〜第5位の郵便番号候補リストをプルダウンまたはドラムロール形式で表示する機能を追加
2024121800015 | GINIE | 郵便番号候補第1位をデフォルト選択状態で表示し、クルーが別候補へ変更可能とするUI制御ロジックを追加
2024121800015 | GINIE | 「別候補検索」ボタンを既存画面から削除し、運転免許証対応時の仕様と同一のレイアウトに変更
2024121800015 | GINIE | 郵便番号をクルー手入力した場合でも住所と郵便番号をそのまま登録可能とする既存手入力フローを継続実装
2025010700001 | Web情変_M00019 | 記載なし
2025010800007 | GINIE | [店頭SB・YM機種変更受付画面]において前回機種購入日から9ヶ月＋1日以上かを判定するロジックへ変更
2025010800007 | かんてつ | [簡単手続き機種変更受付機能]において支払方法別判定を廃止し9ヶ月＋1日基準で受付可否を判定する処理を追加
2025010800007 | OLS_M00494 | [SB・YMオンライン機種変更申込画面制御]で割賦機種変更の受付可否を前回購入日から9ヶ月＋1日以上に統一する判定へ変更
2025010800007 | NFA_M00632 | [オンライン非対面審査連携機能]で機種変更割賦審査時の機種利用期間チェックを9ヶ月＋1日以上判定に変更
2025010800007 | BFS | [法人向け機種変更受付機能]において前回機種購入日から9ヶ月＋1日以上かを一律基準で判定するロジックに変更
2025010800007 | Veritas_M00413 | [機種変更審査ロジック]においてSB・YM割賦の機種利用期間閾値を支払方法問わず9ヶ月＋1日以上に変更
2025010800007 | 統一審査基準確認ツール | [Softbank＞ポストペイド＞個人＞割賦ルール画面]で口座振替およびクレジットカードの条件表示を9ヶ月＋1日以上に統一する文言へ変更
2025010800007 | クルーナビ（SB） | [機種変更割賦条件掲載ページ]においてクレカ1ヶ月＋1日・口座振替6ヶ月＋1日の記載を削除し9ヶ月＋1日以上に統一して表示する
2025010800007 | クルーナビ（YM） | [機種変更割賦条件掲載ページ]において支払方法別の利用期間条件を廃止し9ヶ月＋1日以上に統一する文言へ変更
2025011500013 | 記載なし | GINIEの販売価格入力画面で販売価格0円時に注意喚起ポップアップを表示する処理を追加
2025011500013 | 記載なし | GINIEのトクサポ特典利用内容確認画面で「キット直送」選択時にキット送付先住所を表示する処理を追加
2025011500015 | CCOC_M00321 | 緊急キャンペーン設定画面のデータプラン項目にデータプラン毎の指定機能を追加
2025011500015 | CCOC_M00321 | 緊急キャンペーン設定画面でデータシェアのシェア容量単位を対象条件として追加
2025011500015 | CCOC_M00321 | 緊急キャンペーン設定画面で基本プラン内プランID単位の料金プラン指定機能を追加
2025011500015 | CCOC_M00321 | 緊急キャンペーン設定画面の機種グループマスタを最新情報に更新し選択可能範囲を拡大
2025011500015 | CCOC_M00321 | 新機種・新SIM発売時に機種グループマスタを自動または定期更新する処理を追加
2025011500015 | CCOC_M00321 | 緊急キャンペーン対象業務選択項目にサービス変更や移動機物販関連業務を追加
2025011500015 | CCOC_M00321 | 緊急キャンペーン対象業務選択項目に番号移行を追加し設定可能範囲を拡大
2025011500015 | CCOC_M00321 | 緊急キャンペーン出し分け条件に取次店コード一部桁数指定ロジックを追加
2025011500015 | CCOC_M00321 | 緊急キャンペーン出し分け条件にチャネルコード指定項目を追加
2025011500015 | CCOC_M00321 | 緊急キャンペーン出し分け条件にYM特殊チャネルマスタ指定機能を追加
2025011500015 | CCOC_M00321 | 臨時オプション設定画面に取次店コード全桁指定条件を追加
2025011500015 | CCOC_M00321 | 臨時オプション設定画面に取次店コード一部桁指定条件を追加
2025011500015 | CCOC_M00321 | 臨時オプション設定画面にYM特殊チャネルマスタ指定条件を追加
2025011500015 | CCOC_M00321 | 臨時オプション設定画面の制御条件にプランID指定項目を追加
2025011500015 | CCOC_M00321 | 臨時オプション対象業務選択項目にサービス変更や情報変更(移動機オプション変更)を追加
2025011500015 | CCOC_M00321 | 臨時オプション対象業務選択項目に特典利用・保証適用・他社MNP・番号移行を追加
2025011500015 | 記載なし | GINIEについての具体的な画面・機能単位の改修内容記載なし
2025011500019 | 記載なし | 帰国者向け即時精算画面にクレカ支払い回線エラーチェックを追加
2025011500019 | 記載なし | 帰国者向け即時精算画面にクレカ支払い時「即時精算不要」メッセージを表示
2025011500019 | 記載なし | 即時精算チェックロジックに米軍13店舗クレジット（N）例外通過条件を追加
2025011500019 | 記載なし | 即時精算チェックロジックで暫定窓口払い（窓変Y）をエラー対象外とする条件を追加
2025011500019 | 記載なし | カロリーメイト画面を新設しクレカ支払い時の即時精算不要案内文言を表示
2025011500019 | 記載なし | 本人確認書類OCR取得「姓名」「生年月日」と契約者情報の突合ロジックを追加
2025011500019 | 記載なし | IC情報に「姓名」「生年月日」ありの場合はIC情報優先で契約者情報と突合する処理を追加
2025011500019 | 記載なし | ICに必要情報が無い場合にOCR情報で契約者情報と突合するフォールバック処理を追加
2025011500019 | 記載なし | 突合不一致時にエラーまたはワーニングを画面表示する機能を追加
22025011500020 | 記載なし | b_icv_ginie受付基本情報マートに代表受付番号項目を追加し、商材まとめ登録SYと紐付け可能にする改修
22025011500020 | DWH_M00853 | b_icv_ginie受付基本情報マートに代表受付番号項目を追加し格納する処理を実装
2025012200001 | GINIE | 本人確認書類選択画面で18歳未満契約者の保険証選択を不可とする制御を追加
2025012200001 | GINIE | 代理人本人確認書類の注意文言を保険証受付停止を反映した内容に変更する
2025012200001 | GINIE | 家族確認書類選択画面に資格確認書を追加し受付可能となるよう制御する
2025012200001 | GINIE | 法人在籍確認書類選択画面に資格確認書を追加し受付可能となるよう制御する
2025012200001 | GINIE | キャンペーン証明書類選択画面に資格確認書を追加し対象CPで選択可とする
2025012200001 | GINIE | トクサポ/下取り申込時に保険証を証明書類として選択不可とする制御を追加
2025012200001 | GINIE | トクサポ/下取り申込画面に証明書発行元入力欄を追加し種別別必須判定を行う
2025012200001 | GINIE | 証明書発行元欄からクルーナビPDFへのリンクを表示し発行元確認を容易にする
2025012200001 | GINIE | 申込書兼同意書のレイアウトに証明書発行元欄を追加し印字出力を行う
2025012200001 | GINIE | 資格確認書をマスキングツール対応書類に追加し氏名等を自動マスク可能とする
2025012200001 | GINIE | 資格確認書読込時に白紙チェック処理を適用し未記入書類を検知可能とする
2025012200001 | かんたん手続き | 本人確認書類選択画面で18歳未満契約者の保険証選択を不可とする
2025012200001 | かんたん手続き | 家族確認書類・法人在籍確認書類で資格確認書を選択可能とする
2025012200001 | かんたん手続き | トクサポ/下取り申込時に保険証選択不可・資格確認書選択可とする
2025012200001 | BFS | 法人担当者在籍確認書類に関する注意文言を保険証受付停止内容へ修正する
2025012200001 | SB-OLS | 使用者本人確認書類で18歳未満契約者が保険証を選択不可となるよう制御する
2025012200001 | SB-OLS | セルフ解約等における家族確認書類で資格確認書を選択可能とする制御を追加
2025012200001 | YM-OLS | 使用者本人確認書類で18歳未満契約者の保険証選択を不可とする制御を追加
2025012200001 | LM-OLS | LINEMO譲渡サイトで契約者本人確認書類から保険証選択を除外する制御を追加
2025012200001 | 法人-OLS | 法人在籍確認書類に資格確認書を追加し法人申込で選択可とする
2025012200001 | セルフ（公式アプリ含む） | 本人確認書類選択で18歳未満契約者の保険証選択不可制御を実装
2025012200001 | セルフ（公式アプリ含む） | キャンペーン証明書類選択に資格確認書を追加し受付する
2025012200001 | 専用WEB（解約・譲渡サイト） | 各種説明文から健康保険証記載を削除し資格確認書を追記
2025012200001 | 料金シミュレータ | 見積書レイアウトから健康保険証に関する記載行を削除する
2025012200001 | 料金シミュレータ | 本人確認書類選択候補から健康保険証を除外し資格確認書を追加する
2025012200001 | MySB／MYYM／MyMENU | 利用案内画面の健康保険証記載を削除し資格確認書追記を行う
2025012200001 | CORELiS／care | スクリプト・ガイダンス内の保険証表示を削除し資格確認書記載へ変更する
2025012200001 | GINIE POS | トクサポ/下取り受付時の証明書類で保険証選択不可制御を追加する
2025012200001 | KIIRO_M00487 | MySB等からの事業法帳票出力時に資格確認書扱いを反映した帳票を出力する
2025012200001 | WNF | 接客ナビ上の健康保険証記載を削除し資格確認書対応内容を表示する
2025012200001 | WNF | 来店予約画面から健康保険証に関する記載を削除し案内内容を更新する
2025012200001 | CaMP_M00053 | 本施策が代理店精算対象外である旨を管理し追加精算処理を発生させない
2025012200001 | MGS_M00049 | 記載なし
2025012200001 | 販売管理ｼｽﾃﾑ_M00050 | 記載なし
2025012200001 | MARS_M00306 | 記載なし
2025012200001 | Chronos Billing_M00312 | 記載なし
2025012200001 | Cindy_M00364 | 記載なし
2025012200001 | KIIRO_M00487 | 上記以外の本施策固有の改修内容は記載なし
2025012200001 | トークン_M00567 | 記載なし
2025012200001 | CindyM_M00648 | 記載なし
2025012200001 | NFA2.0_M00802 | 記載なし
2025012200001 | Similis_M00817 | 記載なし
2025012200001 | Cafe_M00875 | 記載なし
2025012200001 | CASIS_M00125 | 記載なし
2025012200001 | Lampas_M00881 | 記載なし
2025012200001 | Kiwi_M00672 | 記載なし
2025012200001 | CLS_M00676 | 記載なし
2025012200011 | GINIE | 顧客照会画面（端末版）で定額S契約の継続特典受取実績と直近引換可能期間を表示する処理を追加
2025012200011 | GINIE | 顧客照会TOP画面にて定額／定額S特典対象ユーザーへ既存定額OP同様の特典案内ポップアップを表示するロジックを追加
2025012200011 | CORELIS | Care特典履歴照会画面の継続利用特典欄に店頭スマホサポート定額／定額Sの特典履歴・引換期間情報を連携し表示する処理を追加
2025012200011 | OLS_M00494 | セルフ特典履歴照会画面において定額S契約の特典受取履歴および直近引換可能期間を既存定額OP同等の形式で表示する処理を追加
2025012200011 | GINIE | アクセサリークーポン登録画面（端末版）の特典名称を「店頭スマホサポート定額／定額S（フルプラン）継続利用特典」と表示するラベル定義を変更
2025012200011 | GINIE | 特典受取関連の他画面で「店頭スマホサポート定額」と表示しているサービス名称を「店頭スマホサポート定額／定額S」に一括変更する画面表示制御を変更
2025012800004 | GINIE（名称は資料表記のまま） | 使用者情報画面における「本人確認書類」項目表記を「年齢情報」に変更し選択肢を更新
2025012800004 | GINIE | 使用者情報画面の確認書類カメラ読込項目を必須化し、本人確認書類／年齢確認書類の選択プルダウンを追加
2025012800004 | GINIE | 新規・MNP・番号移行・契約変更・機種変更・情報変更・譲渡・承継で契約者≠使用者時のみ読込必須制御を追加
2025012800004 | GINIE | 使用者情報画面に「家族確認書類（任意）」カメラ読込項目を新設し、対応書類リストと説明文を表示
2025012800004 | GINIE | 使用者確認書類・家族確認書類読込画面に既存マスキングツールとAIマスキング機能を適用
2025012800004 | GINIE | 使用者確認書類読込時の白紙チェック機能を既存仕様に倣い実装し、異常時ワーニング表示を行う
2025012800004 | GINIE | ICチップ読取・OCRを活用するため、使用者確認書類カメラボタンの表示位置を使用者情報欄の上部へ移動
2025012800004 | GINIE | マイナンバーカードのICチップ情報から取得した氏名・カナ・生年月日・性別を使用者欄へ自動貼付
2025012800004 | GINIE | 運転免許証・在留カード等のOCR読み取り結果から氏名・カナ・生年月日・性別を使用者欄へ自動貼付
2025012800004 | GINIE | ICチップ情報取得時は使用者氏名等の入力欄を編集不可とし、ICチップ情報を優先する制御を追加
2025012800004 | GINIE | 使用者本人確認書類がICチップ対応書類の場合に真贋チェック用ICチップ読取処理を追加
2025012800004 | GINIE | ICチップ情報と券面情報の照合結果を表示する目視チェック画面を使用者本確向けに追加
2025012800004 | GINIE | 使用者確認書類・家族確認書類の書類区分・種別コードを既存インターフェースでDWH_M00853へ連携
2025012800004 | GINIE | 使用者確認書類および家族確認書類の画像データを申込番号と紐づけてSCCMへ送信する機能を追加
2025012800004 | GINIE | 「年齢情報」項目の説明文・リンク先PDFをSNS事業者への年齢情報提供内容に合わせて更新
2025012800004 | GINIE | 情報変更および譲渡・承継（YM）での使用者情報登録・変更画面に使用者本人確認書類読込項目を新設
2025012800004 | GINIE | 家族確認書類読込画面に対しOCR・ICチップ読取を行わずマスキングのみ適用する仕様を追加
2025012800004 | GINIE | フリーモード受付時にも使用者確認書類必須化・マスキング・自動入力等の機能が動作するよう制御を追加
2025012800004 | GINIE | ジャパネット・受託型MVNOの店頭受付時にも使用者確認書類必須化機能が適用されるよう制御を追加
2025012800004 | GINIE | 「お客様確認事項」欄の出し分け条件は変更せず、本施策機能のみ追加する設定を保持
2025012800004 | GINIE | ICチップ読取のスキップ回数制御を契約者と別カウンタで持ち、初期値を契約者と同一に設定
2025012800004 | SCCM（資料表記） | GINIEから連携される使用者確認書類・家族確認書類の画像データを格納しCCOC表示に提供
2025012800004 | OLS_M00494 | 対面販路のうち代理店OLS受付における使用者確認書類必須化・ICチップ読取機能の連携可否を反映
2025012800004 | NFA_M00632 | 対面チャネル制御一覧上で本施策対象業務にフラグを設定し真贋チェック同様の受付制御を適用
2025012800012 | OneGINIEブラウザ | 本人確認書類撮影画面で被写体タッチ位置にフォーカスを合わせる機能を追加
2025012800012 | OneGINIEブラウザ | オートフォーカス処理で木目調など複雑背景のピント完了時間を短縮するロジックに変更
2025012800012 | OneGINIEブラウザ | iPad GINIE各機種のカメラ特性を調査し機種別フォーカス設定パラメータを見直し適用
2025012800012 | OneGINIEブラウザ | かんたん手続き・IRIS等で利用するカメラ機能へのフォーカス改修影響有無を調査し必要に応じ調整
2025020500015 | 記載なし | かんたん手続きシステム内での付属品販売ロジック変更内容の詳細記載なし
2025020500015 | 記載なし | Jafarシステム内での付属品関連処理変更内容の詳細記載なし
2025030500010 | OneGINIEブラウザ | GINIEログイン前ブックマーク一覧画面に新設ボタンを追加し編集画面へ遷移させる改修
2025030500010 | OneGINIEブラウザ | PC GINIEのブックマーク一覧（ログイン前）画面に既存仕様準拠の新設ボタンを追加する改修
2025030500010 | OneGINIEブラウザ | YMブックマーク一覧画面上で新設ボタンを既存位置から5mm下に配置する画面調整
2025030500010 | OneGINIEブラウザ | ブックマークマスターメンテナンス画面に『name』入力欄をIDとグループ名の間へ追加する改修
2025030500010 | OneGINIEブラウザ | ブックマークごとに設定された『name』を用いてブックマークを呼び出せるようロジックを追加する改修
2025030500018 | GINIE | 量販チャネルコードR01等で店頭スマホサポート業務メニュー表示をA003設定値により出し分ける
2025030500018 | GINIE | 量販チャネルコードを店頭スマホサポート定額／ショットの受付対象チャネルとして制御を変更する
2025030500018 | かんたん手続き | 量販チャネルコード入力時にMARS A003を参照し業務別受付可否を画面メニューで制御する
2025030500018 | IRIS | 量販チャネルコードで店頭スマホサポート他社端末向けメニューをA003設定値に応じ表示制御する
2025030500018 | IRIS | 量販チャネルコードで継続利用特典引換ブックマークを全量販店舗に表示する機能を追加する
2025030500018 | GINIE POS | 量販チャネルで店頭スマホサポート受付時にインセンティブ予測計算ロジックを新設する
2025030500018 | GINIE POS | 量販チャネル受付の実績情報を実績PFへ連携しチャネル別インセンティブ計算を可能とする
2025030500018 | 実績PF | MARSからの量販チャネル識別付き店頭スマホサポート実績を受信しインセンティブ計上を行う
2025030500018 | Cindy_M00364 | 量販チャネルでの継続利用特典引換およびクーポン利用の受付判定にA003設定値3・4を使用する
2025030500018 | Cindy_M00364 | 量販チャネルでアクセサリクーポン利用時に店頭スマホサポート定額フルプラン継続特典を適用する
2025030500018 | CindyM_M00648 | 店頭スマホサポート量販定額加入時の通知メール文面をショップとは別テンプレートで送信する
2025030500018 | CindyM_M00648 | 量販チャネルで送信したメール通知履歴をコンタクト履歴（Omnibus）へ自動反映する
2025030500018 | OBS | 来店予約画面「その他」配下に量販店舗向け店頭スマホサポートメニュー3種を表示する
2025030500018 | OBS | MARSからの来店予約可否情報に基づき量販店舗を来店予約検索対象として表示制御する
2025030500018 | Lampas_M00881 | キャリアフリーサービス新規・単独申込時に量販チャネル受付を識別し後続処理へ連携する
2025030500018 | Cafe_M00875 | キャリアフリーサービス支払方法更新時に量販チャネル受付情報を併せて管理する
2025030500018 | KIIRO_M00487 | 店頭スマホサポート関連手続き時にKIIRO帳票を出力しインボイス対応帳票として保管する
2025030500018 | SBPS | キャリアフリーサービスのクレジットカード請求情報に量販チャネル受付フラグを保持する
2025030500018 | NIKOLAI | キャリアフリーサービスセルフ解約予約処理で量販チャネルの契約も既存ロジックで取り扱う
2025030500018 | OBI | キャリアフリーサービスインボイス帳票出力時に量販チャネル受付分も対象として帳票を生成する
2025031300009 | 記載なし | CCOC_SVの具体的改修内容記載なし
2025031300009 | 記載なし | CCOC_CLの具体的改修内容記載なし
2025041600014 | YMフロント | 直送予約専用レジ画面で業務区分選択とSKU選択機能を追加実装
2025041600014 | YMフロント | 予約情報入力画面で氏名・生年月日・連絡先・MSN等の項目入力とバリデーションを実装
2025041600014 | YMフロント | 通常モードでCASIS認証を用いたログイン・2要素認証フローを実装
2025041600014 | YMフロント | 専用ページで予約内容の確認・メールアドレス変更・キャンセル動線を実装
2025041600014 | YMフロント | 予約完了画面で予約受付番号の表示および名寄せ注意文言を表示
2025041600014 | YMフロント | 予約申込データを契約区分別に整形しSBOLSのAPIへ連携する処理を実装
2025041600014 | YMフロント | 名寄せ結果や台数制御NGの場合のエラーメッセージ表示ロジックを追加
2025041600014 | YMフロント | 本申込専用URLから本申込レジへ遷移する導線と認証処理を実装
2025041600014 | OLS-Care_M00019 | 予約経由での本申込であることを識別し照会画面に表示する項目を追加
2025041600014 | OLS-Care_M00019 | 予約番号・本申込番号での検索項目を追加し履歴照会機能を拡張
2025041600014 | CCOC_M00321 | 予約経由本申込の審査要求受付と結果連携を現行フローに準じて対応
2025041600014 | CCOC_M00321 | AppleCare連携時の特定フラグ受信と外部審査リクエスト送信処理を追加
2025041600014 | MARS_M00306 | 予約台数制御用の商品マスタ・予約管理マスタ項目をYM用に設定可能とする
2025041600014 | MARS_M00306 | YM向け店舗マスタ定義を新規に作成しNFA経由参照に対応（O2O前提要件）
2025041600014 | Cindy_M00364 | 予約に関する問い合わせ・変更・キャンセルのコンタクト履歴自動記録を実装
2025041600014 | Cindy_M00364 | 予約関連メール送付履歴をOmnibus上に自動反映する機能を追加
2025041600014 | CASIS_M00125 | 通常モード時に予約専用ページへの2要素認証（OTP連携）を実装
2025041600014 | CASIS_M00125 | 番号移行・機種変更時のID/PW＋回線認証連携を予約専用ページに提供
2025041600014 | COP_M00365 | イベントモード時のMSN存在確認・顧客情報補完を行うCOP補完バッチIFを実装
2025041600014 | COP_M00365 | 解約・法人・滞納・MNP予約中・年齢条件等による予約不可判定ロジックを実装
2025041600014 | GINIE（記載のみ） | O2O予約・在庫割当・本登録連携仕様はPh.2要件として別途整備予定
2025041600014 | KIIRO_M00487 | 本申込時のKIIRO事業法帳票出力に予約経由案件への対応項目を追加
記載なし | Chronos Billing_M00312 | 請求関連リファレンス画面の払込処理手数料金額を200円→300円へ変更
記載なし | Chronos Billing_M00312 | 請求書タイプコードに基づく手数料判定ロジックを金額変更前提で維持し金額のみ更新
記載なし | Chronos Billing_M00312 | 請求発行時に計上する払込処理手数料の課金パラメータを300円に更新
記載なし | Chronos Billing_M00312 | 通常請求時の手数料有無情報を保存し滞納時判定に利用する項目を追加
記載なし | Chronos Billing_M00312 | 滞納請求発行時に通常時無料だった窓口請求書へ手数料300円を付与する処理を追加
記載なし | Chronos Billing_M00312 | 事業者コード別に払込処理手数料対象可否を管理するテーブルの金額を300円に更新
記載なし | Chronos Billing_M00312 | 窓口区分N/X/Zの通常請求・滞納請求で払込処理手数料を300円計上する制御に変更
記載なし | Chronos Billing_M00312 | 窓口区分Y/その他の滞納請求時のみ払込処理手数料300円を計上する制御を追加
記載なし | Chronos Billing_M00312 | 課金発生月判定ロジックで2025年10月分請求から新単価を適用する条件を追加
記載なし | Chronos Billing_M00312 | クレジット与信NG発生時に払込処理手数料300円を計上する請求生成処理を変更
記載なし | Chronos Billing_M00312 | 口座振替振替不能発生時の滞納請求に払込処理手数料300円を計上する処理に変更
記載なし | Chronos Billing_M00312 | SB・YM・LINEMO・でんき・ガス各事業者の払込処理手数料金額マスタを一括更新
記載なし | Chronos Billing_M00312 | Pepper・TEPCO等払込処理手数料対象事業者の料金テーブルを200円→300円へ変更
記載なし | Chronos Billing_M00312 | 請求書メッセージ生成処理で表示する払込処理手数料金額を300円に更新
記載なし | Chronos Billing_M00312 | 請求確定通知データに出力する払込処理手数料金額項目を300円に変更
記載なし | Chronos Billing_M00312 | My SoftBank向け連携データ内の払込処理手数料金額フィールドを300円へ変更
記載なし | Chronos Billing_M00312 | My Y!mobile向け連携データ内の払込処理手数料金額フィールドを300円へ変更
記載なし | Chronos Billing_M00312 | LINEMO向け料金照会データ連携の払込処理手数料金額を300円に変更
記載なし | Chronos Billing_M00312 | 請求パターン別（通常・滞納・クレ与信NG）テストデータの期待値を300円に更新
記載なし | Chronos Billing_M00312 | CN会議資料と同一ロジックで手数料内訳に発行手数料を含める計算処理を確認・維持
記載なし | 記載なし | IVCにおける払込処理手数料リファレンス表示金額を200円→300円に変更（システム正式名称記載なし）
記載なし | 記載なし | IVCにおける滞納請求時の払込処理手数料計上ロジックの金額パラメータを300円に変更（システム正式名称記載なし）
記載なし | 記載なし | ChronosPaymentにおける払込処理手数料金額表示を200円→300円に変更（システム正式名称記載なし）
記載なし | 記載なし | ChronosPaymentにおける支払方法別払込処理手数料計上処理の金額を300円に変更（システム正式名称記載なし）
記載なし | 記載なし | My SoftBankフロント画面での払込処理手数料表示を200円/220円→300円/330円に変更（システム名記載なし）
記載なし | 記載なし | My Y!mobileフロント画面での払込処理手数料表示を200円/220円→300円/330円に変更（システム名記載なし）
記載なし | 記載なし | LINEMOメニュー画面での払込処理手数料表示を200円/220円→300円/330円に変更（システム名記載なし）
記載なし | 記載なし | 社内ナレッジページの払込処理手数料説明文中の金額を200円→300円に変更（システム名記載なし）
記載なし | 記載なし | ログジェネ関連画面の払込処理手数料金額表示を200円→300円に変更（システム名記載なし）
記載なし | 記載なし | SMSテンプレート文面に記載の払込処理手数料金額を300円に変更（システム名記載なし）
記載なし | 記載なし | サポートページ上の払込処理手数料説明の金額表記を200円→300円・220円→330円に変更（システム名記載なし）
記載なし | 記載なし | 公式FAQ内の払込処理手数料金額表記を200円→300円・220円→330円に変更（システム名記載なし）
2025050800007 | 記載なし | その他システムの改修内容は資料に記載なし
2025051500010 | OSS（オンライン同意サイト） | 招待コード入力画面とCASIS認証画面を実装しMSN単位でログイン制御する
2025051500010 | OSS（オンライン同意サイト） | CASIS認証結果から同姓・同住所チェックを行いNG時に家族割申込を破棄する
2025051500010 | OSS（オンライン同意サイト） | 招待コードの形式・有効期限・多重利用チェックを実装しエラー時に案内表示する
2025051500010 | OSS（オンライン同意サイト） | 同意内容確認画面で家族割情報照会同意・代表回線了承を取得し同意結果を保持する
2025051500010 | OSS（オンライン同意サイト） | 同意結果・エラー内容をCCOCおよびOLSへ連携するIFを実装し履歴登録を行う
2025051500010 | OSS（オンライン同意サイト） | 家族割同意状況を照会できるインタフェースを個人ページ用に提供する
2025052000012 | IRIS | 店頭スマホサポート登録画面で親「操作案内」選択時に子メニュー一覧を表示し必須選択とする改修
2025052000012 | IRIS | 申込内容確認画面にて選択された子メニュー名を「操作案内（○○/○○）」形式で表示する処理追加
2025052000012 | IRIS | 店頭スマホサポート関連帳票出力処理で子メニュー名を印字し「/」区切りで並列表記するロジック追加
2025052000012 | IRIS | DWH連携IFにて操作案内の有料・無料子メニュー名を新設項目へマッピングし送信する処理追加
2025052000012 | IRIS | 子メニューがMARS_M00306上で21個以上設定された場合に後続連携を行わず受付を制御するチェック追加
2025052000012 | NIKOLAI | サポート履歴照会画面で操作案内選択時に子メニュー名を取得し「操作案内（○○/○○）」形式で表示する改修
2025052600005 | PPAP（正式名称記載なし） | 1回線目本人確認画像登録時にSCCMメタ情報にTxnIDとS#①を付与して画像登録する処理を追加する
2025052600005 | PPAP（正式名称記載なし） | 2回線目登録時に1回線目のSCCMファイルIDを用いてメタ情報をTxnID・S#①・S#②に更新する処理を追加する
2025052600005 | 統合履歴（システム名不明） | 2回線目の本人確認アップロードスキップ内容を特定文言で記録する統合履歴登録処理を追加する
2025052600005 | 統合履歴（システム名不明） | 1回線目について業務側直投後に恒久対応で画像コピーされた事実を連携できるメタ情報項目を追加する
2025052600005 | 未確定システム（SCCM候補） | 1回線目SCCM格納画像を参照し2回線目にも同一画像をコピー格納する画像コピー処理を実装する
2025052600005 | NFA_M00632 | 家族割受付履歴のマートb_nfa_mysb_家族割引履歴に事業者003と同意種別001家族割でデータ抽出設定を行う
2025052600005 | COP_M00365 | 家族割申込時に指定既存回線MSNが自網か他網かを判定し他網の場合にOLSへアラート情報を返却する機能を追加する
2025052600005 | COP_M00365 | 機種変更・番号移行のログイン時に契約者氏名住所変更有無を照会し変更なしの場合に本人確認スキップ判定を返却する
2025052600005 | CindyM_M00648 | 家族割オンライン同意用招待コードメールを申込回線へ送信しコンタクト履歴へ自動登録する機能を追加する
2025052600005 | CindyM_M00648 | 既存回線向けオンライン同意取得SMSを送信しURLや招待コード情報を含めるテンプレートを追加する
2025052600005 | CindyM_M00648 | 招待コードメール・SMSの再送機能を実装し再送時も同一招待コードで送信する制御を追加する
2025052600005 | CindyM_M00648 | オンライン同意未完了時に既存回線へ2日毎に最大3回リマインドSMSを自動送信するスケジュール機能を追加する
2025052600005 | CindyM_M00648 | 同意未取得により回線契約キャンセル時に申込回線と既存回線へキャンセル通知メール・SMSを送信する機能を追加する
2025052600005 | CindyM_M00648 | 家族証明書類審査NG時に審査結果NG理由を含むメールを申込回線へ送信しOSS履歴と整合させる機能を実装する
2025052600005 | Veritas_M00413 | オンライン同意サイトでCASIS認証情報に基づく家族割同意状況と同意者属性を管理テーブルに保持する処理を追加する
2025052600005 | オンライン同意サイト（システム名不明） | ログイン時にCASIS認証で同意対象MSN本人を確認し家族割条件チェックを実施する機能を追加する
2025052600005 | オンライン同意サイト（システム名不明） | 招待コード入力画面で6桁数字チェック・有効期限・誤入力回数制限を実装するバリデーションを追加する
2025052600005 | オンライン同意サイト（システム名不明） | 同意内容確認画面で家族割代表回線となることなど同意文言を表示し同意結果を保持する機能を実装する
2025052600005 | OSS（システム名不明） | SB-OLSから家族証明書類読込有無を受領し書類審査の対象可否を判定する項目を追加する
2025052600005 | OSS（システム名不明） | 家族証明書類審査結果（OK/NG）をSB-OLSへ返却し履歴としてKIIRO帳票に反映するIFを実装する
2025052600005 | OSS（個人ページ想定） | 家族割同意状況を照会可能とする画面・検索条件・出力項目を新設する
2025052600005 | KIIRO_M00487 | MySB等からの家族割申込内容を事業法帳票へ印字し新みんな家族割情報を料金一覧・CP別紙へ出力する機能を追加する
記載なし | PPAP（本人確認基盤・中央管理システム） | Web・メール・アプリからの本人確認リクエスト受付機能とMy SoftBankアプリ呼び出し遷移を実装
記載なし | PPAP（本人確認基盤・中央管理システム） | 本人確認トランザクションID発行・有効性チェック・ステータス管理ロジックを追加実装
記載なし | PPAP（本人確認基盤・中央管理システム） | JPKIおよびLiquidからの本人確認結果受信APIを新規実装しIC情報等を格納
記載なし | PPAP（本人確認基盤・中央管理システム） | 基本4情報要求APIを書類別に拡張し暗号化TxnIdから情報返却処理を追加実装
記載なし | PPAP（本人確認基盤・中央管理システム） | 本人確認結果をサービスフロント向けに連携するIFを拡張し属性項目を追加
記載なし | PPAP（本人確認基盤・中央管理システム） | 本人確認結果を審査PF_M00555に連携するAPIで書類・在留情報等属性返却を実装
記載なし | PPAP（本人確認基盤・中央管理システム） | 本人確認履歴の保存テーブルを拡張し全方式共通必要属性を保持
記載なし | PPAP（本人確認基盤・中央管理システム） | 本人確認履歴のDWH_M00853向け出力バッチを実装し定期連携を行う
記載なし | PPAP（本人確認基盤・中央管理システム） | 滞留トランザクションの有効期限判定とステータス「51:トランザクション有効期限切れ」更新処理を実装
記載なし | PPAP（本人確認基盤・中央管理システム） | 暗号鍵作成APIでシステムID単位の公開鍵・秘密鍵生成と管理機能を追加
記載なし | My SoftBankアプリ | 公的個人認証およびIC情報＋容貌の画像による本人確認画面フローと機能一式を実装
記載なし | My SoftBankアプリ | マイナンバーカード（公的個人認証）向け暗証番号入力・IC読み取り・JPKI連携処理を実装
記載なし | My SoftBankアプリ | マイナンバーカード（IC＋容貌）向け照合番号B入力画面とLiquid SDKによる読取・顔撮影機能を追加
記載なし | My SoftBankアプリ | 運転免許証の暗証番号1・2入力画面とIC読み取り・セルフィー撮影フローを実装
記載なし | My SoftBankアプリ | 在留カード・特別永住者証明書のカード番号入力・IC読み取り・セルフィー撮影フローを実装
記載なし | My SoftBankアプリ | IC読み取り後の氏名・住所等表示画面を実装し現住所一致確認と別書類誘導ロジックを追加
記載なし | My SoftBankアプリ | 運転免許証の外字部分画像取得とOCR実行・結果フィルイン、外字時の別書類誘導処理を実装
記載なし | My SoftBankアプリ | 在留カード・特別永住者証明書の表面画像からのOCR読み取り機能と確認画面への貼り付けを実装
記載なし | My SoftBankアプリ | OSバージョンに応じた注意文言表示と推奨環境案内を実装し動作制御は行わない仕様とする
記載なし | CTJ | JPKI連携モジュールでマイナンバーカード署名用電子証明書の暗証番号認証とIC情報取得処理を実装
記載なし | Liquid（システム名表記記載なし） | IC情報＋容貌の画像方式向けSDKでIC読み取り・顔照合・ランダム動作要求ロジックを実装
記載なし | 審査PF_M00555 | PPAPからの本人確認結果受信インターフェースを拡張し氏名・在留資格・在留期間等を受領・参照可能にする
記載なし | CCOC_M00321 | 申込時顧客入力情報とICチップ券面画像・セルフィー画像との突合チェックロジックを実装（案2前提）
記載なし | Veritas_M00413 | 不正検知に利用する本人確認属性（方式種別・画像情報等）の格納・参照機能を追加
記載なし | OLS_M00494（SB OLS） | 本人確認方法選択画面とMy SoftBankアプリ呼び出し待機画面・読取結果確認画面を実装
記載なし | OLS_M00494（YM OLS） | 複数回線同時申込時に本人確認ワンスオンリー化し共通基盤TxnIdを共有利用する処理を実装
記載なし | OLS_M00494（LM OLS） | IC情報＋容貌方式および公的個人認証の選択肢表示と本人限定郵便非提供ロジックを実装
記載なし | Cafe_M00875 | 本人確認後の審査・登録連携フローにおける基本4情報受信と登録要求処理を拡張
記載なし | COP_M00365 | 禁則文字変換済氏名・住所の格納項目を追加しPPAPからの連携データを取り込む処理を実装
記載なし | Kiwi_M00672 | 社外GWとしてICチップ情報検証APIを実装しPPAPからの真正性確認要求を受け付ける
記載なし | NFA_M00632 | トランザクションベースでの本人確認履歴分析用にPPAPからのDWH経由データ活用ロジックを実装
記載なし | MARS_M00306 | 本人確認結果を用いた割賦・与信審査で在留期間・在留資格・有効期限等を参照する機能を追加
記載なし | SCCM（記載名称） | PPAPからの後処理API呼び出しにより本人確認関連設定の反映フローを実装
記載なし | 事業者識別子管理（システム名記載） | PPAPからの後処理APIで本人確認実施チャネル・事業者情報の紐付けを実装
記載なし | Ginger_M00306相当（Ginger） | PPAPからの後処理APIで本人確認結果の一部を登録し顧客基盤照会機能を拡張
記載なし | SB OLSフロント | 本人確認方法案内画面でハ方式・ト方式・ヘ方式提供有無を表示しユーザー選択ロジックを実装
記載なし | YM OLSフロント | 本人確認完了後の申込情報確認画面に基本4情報を自動フィルインし不足情報入力欄を追加
記載なし | LM OLSフロント | 在留カード・特別永住者証明書使用時の「住所が表面に記載されているか」確認画面と分岐を実装
記載なし | LM譲渡フロント | My SoftBankアプリでの本人確認を組み込んだ譲渡手続きフローと戻り先制御を実装
記載なし | BFF（バックエンド for フロント） | ブラウザとPPAP間の本人確認リクエスト・結果取得API統合レイヤーを実装
記載なし | 記載なし | 料金プラン系画面の有効日欄を選択制とし選択肢に応じ日付自動設定を行う
記載なし | 記載なし | テザリング系画面の有効日欄を選択制とし選択肢に応じ処理日等を自動設定する
記載なし | 記載なし | 即時オプション系画面の有効日欄を即時等選択肢からの自動日付設定に変更する
記載なし | 記載なし | 家族割引03変更・05削除画面の適用日欄に選択肢を追加し翌請求起算日等を自動設定する
記載なし | 記載なし | 家族割引07採番登録・08追加登録画面の適用日欄に即時等の選択入力機能を追加する
記載なし | 記載なし | 家族割引09リンク変更・10リンク採番変更画面の適用日欄を選択制とし請求起算日を自動設定する
記載なし | 記載なし | 家族割引06取消・11リンク採番取消画面の適用日欄は非活性とし本改修対象外とする制御を維持する
記載なし | 記載なし | データシェア登録更新画面の有効日欄で処理日以前入力時にエラー表示するロジックを追加する
記載なし | 記載なし | G#プロダクト登録更新データシェアグループ画面の有効日欄で処理日前日付入力時にエラーを表示する
記載なし | 記載なし | データシェア関連画面で有効日欄が空欄のまま登録押下時に処理日を自動設定する制御を追加する
記載なし | 記載なし | 各対象画面で「翌請求起算日」等の選択肢と日付定義の対応テーブルを実装する
2025053000010 | NFA_M00632 | OLSから連携される追加新規家族割申込情報を受信し家族割グループ作成・追加処理を実行
2025053000010 | NFA_M00632 | ログイン回線の家族割代表/非代表・G#内回線数情報をOLS照会用に提供するIFを追加
2025053000010 | CindyM_M00648 | 家族割オンライン同意や追加新規書類スキップに関する通知メール送信と履歴記録を実装
記載なし | CCOC_M00321 | キャンペーン適用画面から起動する重複チェックツール起動画面を追加実装
記載なし | CCOC_M00321 | MSN入力により既存使用者情報とMSNを検索し重複適用状況を表示する機能を追加
記載なし | CCOC_M00321 | 使用者カナ氏名または氏名と生年月日2点一致で新使用者情報を検索し結果一覧を表示する機能を追加
記載なし | CCOC_M00321 | 適用済みの場合に対象契約のMSNおよびS#を表示し重複適用判断を促すメッセージを表示する機能を追加
記載なし | CCOC_M00321 | 未適用の場合に「未適用です。」と表示し重複なし状態を空欄表示とする画面レイアウトを実装
記載なし | CCOC_M00321 | イレギュラー時に重複適用を許容するため乗り越え可能なアラートダイアログを表示する処理を追加
記載なし | CCOC_M00321 | チェック完了後に「チェック完了しました」「確認しました」等の状態を保持・表示する確認用UIを追加
記載なし | OLS_M00494 | 審査行程中に申込情報保持DBへ申込データを登録する処理を追加
記載なし | OLS_M00494 | 審査時に申込情報保持DBから過去申込データを取得し照合する処理を追加
記載なし | OLS_M00494 | 名前・生年月日・住所を正規化し類似マッチングする名寄せ機能を追加
記載なし | OLS_M00494 | 名寄せ結果で同一人物と判断した申込の割賦残債を合算するロジックを追加
記載なし | OLS_M00494 | 合算した割賦残債と回線数を上限値と比較しNG判定を返却するロジックを追加
記載なし | CCOC_M00321 | キャンセル発生時にキャンセル情報を受信しDB削除指示を行う連携処理を追加
記載なし | CCOC_M00321 | キャンセル連携用インタフェースで当該申込情報を保持DBから削除する処理を追加
20250627000052 | OLS_M00494 | OLSレジのagency-id判定機能により特典同梱フラグを自動付与する処理を追加
20250627000052 | OLS_M00494 | 対象スキーム申込時に分割支払方法から48回割賦を非表示とし24回・一括のみ選択可能に制御
20250627000052 | OLS_M00494 | 併用不可キャンペーンの特典パックコード一覧を参照し対象施策との同時適用を排他制御するロジックを追加
20250627000052 | OLS_M00494 | 管理画面でagency-idごとに特典（同梱物）を設定・変更できる画面項目と設定機能を追加
20250627000052 | OLS_M00494 | 新規契約向け完了メールテンプレートに特典イベント申込用URLをparam制御で追記可能とする文言項目を追加
20250627000052 | OLS_M00494 | 個人契約・対象契約種別・自宅受け取り除外条件を判定し本スキーム対象可否を決定するチェック処理を追加
記載なし | Chronos Billing_M00312 | 滞納請求書発行ロジックで通常請求が窓口手数料無料の場合に払込処理手数料を追加請求する処理を追加
記載なし | Chronos Billing_M00312 | 通常請求時の窓口請求（発行手数料あり）に対し事業者06・20の払込処理手数料を請求対象とする条件を追加
記載なし | Chronos Billing_M00312 | 請求書タイプコードと通常請求時手数料有無フラグを組み合わせて滞納時払込処理手数料有無を判定するロジックに変更
記載なし | Chronos Billing_M00312 | 事業者コード単位の払込処理手数料徴収条件テーブルをでんき・ガス以外で統一するようマスタ定義を変更
記載なし | Chronos Payment_M00312 | 滞納請求時に新たに発生する払込処理手数料を支払処理明細に計上し入金消込に反映する処理を追加
記載なし | OLS_M00494 | アクセサリー単体申込画面にクレカ選択とオーソリ処理を再度有効化する変更
記載なし | OLS_M00494 | アクセサリー単体導線の入力画面にCPコード入力欄を追加し検証ロジックを実装
記載なし | OLS_M00494 | アクセサリー単体導線においてinflowSiteCdをセッション引継ぎ保存する処理を追加
記載なし | OLS_M00494 | SIMフリー端末購入完了画面にSIM単体導線バナーをカテゴリ条件で出し分け表示する処理を追加
記載なし | OLS_M00494 | PC/SP別のSIM訴求バナー画像と指定URLへのリンク設定を完了画面に組み込む改修
記載なし | OLS_M00494 | 「高額商品」判定用マスタをアクセサリー用として保持し割賦可否を制御するロジックを追加
記載なし | OLS_M00494 | SB初回契約日を基準とした経過日数で割賦を一括払いへ変更する挙動を追加
記載なし | OLS_M00494 | 割賦登録がない商品についてカート非経由で購入完了できる申込フローを追加
記載なし | MARS_M00306 | SIMフリー端末をアクセサリ区分としてマスタ登録し在庫と商品属性を整理する設定変更
記載なし | MARS_M00306 | SIMフリー端末の商品コードを移動機用とアクセサリー用で別コードとして登録するデータ設定
2025080400009 | 記載なし | MIDORI-WEB一般権限画面ででんき契約照会・変更ボタンを表示に変更
2025080400009 | 記載なし | MIDORI-WEB一般権限画面ででんき詳細更新ボタンを表示に変更
2025080400009 | 記載なし | MIDORI-WEB一般権限画面で小売連携後キャンセルボタンを非表示に変更
2025080400009 | 記載なし | MIDORI-WEB一般権限画面で使用量のお知らせ再発行ボタンを非表示に変更
2025080400009 | 記載なし | MIDORI-WEB一般権限画面で各種変更Web受付検索ボタンを非表示に変更
2025080400009 | 記載なし | MIDORI-WEB一般権限画面で各種変更Web受付一覧検索ボタンを非表示に変更
2025080400009 | 記載なし | MIDORI-WEB一般権限画面で各種変更Web受付一括更新ボタンを非表示に変更
2025080400009 | 記載なし | MIDORI-WEB一般権限画面で引越し先Web受付情報更新ボタンを非表示に変更
2025080400009 | 記載なし | MIDORI-WEB一般権限画面で引越し先Web受付情報更新結果検索ボタンを非表示に変更
2025080400009 | 記載なし | MIDORI-WEB一般権限画面で引越し先Web受付情報更新ファイルアップロードを非表示に変更
2025080400009 | 記載なし | MIDORI-WEB一般権限画面で新規再点Web受付情報更新ボタンを非表示に変更
2025080400009 | 記載なし | MIDORI-WEB一般権限画面で新規再点Web受付情報更新結果検索ボタンを非表示に変更
2025080400009 | 記載なし | MIDORI-WEB一般権限画面で新規再点Web設備情報更新ボタンを非表示に変更
2025080400009 | 記載なし | MIDORI-WEB一般権限画面で新規再点Web設備情報更新結果検索ボタンを非表示に変更
2025080400009 | 記載なし | MIDORI-WEB一般権限画面で新規再点Web設備情報更新ファイルアップロードを非表示に変更
2025080400009 | 記載なし | MIDORI-WEB一般権限画面で緊急停止ボタンを非表示に変更
2025080400009 | 記載なし | Corelis Care連携機能で顧客タブ削除時にMIDORI-WEB顧客画面自動削除処理を追加
2025080400009 | 記載なし | Corelis Care連携起動機能でMIDORI-WEBを一般権限で起動する制御を追加
2025080400009 | 記載なし | MIDORI-WEB手続き画面にモバイル契約者名と入金状況（滞納／支払い済）表示項目を追加
2025080500010／2025080500011 | NFA_M00632 | 本登録チャネルマスタにYJ・YSHP・Amazon用レコードを追加定義
2025080500010／2025080500011 | NFA_M00632 | メール制御マスタにフロー・取次店別メール送信設定を追加
2025080500010／2025080500011 | NFA_M00632 | フロントから受信する登録情報付加データ連携項目を追加
2025080500010／2025080500011 | YMOLS | eSIM端末セット受付機能に直販・YJ・YSHP・Amazon取次店設定を追加
2025080500010／2025080500011 | YMOLS | Yahoo!ショッピング受付で請求先コード「請求なし（割賦）」を参照する処理を追加
2025080500010／2025080500011 | YMOLS | OLS-Care画面にYahoo!ショッピング用注文IDおよびyshp商品コードを表示
2025080500010／2025080500011 | MARS_M00306 | Yahoo!ショッピング店向けeSIM端末セット用マスタレコードを追加登録
2025080500010 | YMOLS | Yahoo!ショッピング店受付分の支払い無割賦用請求先コード「請求なし（割賦）」を設定
2025080500010 | YMOLS | Yahoo!ショッピング受付データから登録情報付加マスタ経由でNFA連携項目を付加
2025080500010 | MARS_M00306 | Yahoo!ショッピング店向けeSIM端末セット用マスタレコードを追加登録
2025080500010 | MARS_M00306 | Yahoo!ショッピング店用在庫棚を設定しeSIM端末セット在庫枠を紐付け
2025080500010 | MARS_M00306 | Amazon店用在庫棚を設定しeSIM端末セット在庫枠を紐付け
記載なし | NFA_M00632 | YM向けメール#_NFA409テンプレートに{v001}項目を追加し文言制御可能化
記載なし | NFA_M00632 | YM向けメール#_NFA422テンプレートに{v007}項目を追加し文言制御可能化
記載なし | NFA_M00632 | YM向けメール#_NFA809テンプレートに{v001}項目を追加し文言制御可能化
記載なし | NFA_M00632 | YM向けメール#_NFA852テンプレートに{v007}項目を追加し文言制御可能化
記載なし | NFA_M00632 | YM向けメール#_NFA853テンプレートに{v007}項目を追加し文言制御可能化
記載なし | NFA_M00632 | LINEMO向けメール#_NFW419テンプレートに{v00x}項目を追加し文言制御可能化
記載なし | 記載なし（YMOLS） | システム名のみ記載あり、具体的改修内容の記載なし
記載なし | 記載なし（LMOLS） | システム名のみ記載あり、具体的改修内容の記載なし
記載なし | 記載なし（PPMA） | システム名のみ記載あり、具体的改修内容の記載なし
2025101400007 | SB-OLS（ORS含む） | YMOLS申込区分選択画面にeSIM単体持込機種変更e→e選択肢を追加し受付制御を実装
2025101400007 | SB-OLS（ORS含む） | eSIM→eSIM持込機種変更用情報入力画面でメールアドレス入力とOTP認証項目を追加
2025101400007 | SB-OLS（ORS含む） | pSIM→eSIM持込機種変更同等の注意事項・同意文言を確認同意画面に表示し同意取得処理を追加
2025101400007 | OLﾌﾛﾝﾄ | CASIS Lv2認証を呼び出しeSIM単体機種変更時に回線所持認証を必須実行する制御を実装
2025101400007 | OLﾌﾛﾝﾄ | 受付対象判定ロジックに契約者年齢・YMOLS申込回数・回線状態等の受付不可条件を追加
2025101400007 | NFA | eSIM単体持込機種変更申込データに対し既存pSIM→eSIM同等の審査フローを適用し結果を返却
2025101400007 | NFA | 審査完了日を起点とした強制キャンセル6日ロジックをeSIM単体機種変更案件に紐づけ実行
2025101400007 | OLS-Care | eSIM単体持込機種変更申込の不備発生時に不備修正ページへ遷移可能な案内と受付情報連携を実装
2025101400007 | OLS-Care | eSIM単体持込機種変更の任意キャンセルおよび8日間キャンセル受付処理を追加
2025101400007 | CASIS | YMOLS eSIM単体機種変更フロー向けにLv2二要素認証設定を維持し新業務区分を認証対象として追加
2025101400007 | CindyM_M00648 | メールアドレス入力後のOTP送信・認証機能をeSIM単体機種変更用として有効化
2025101400007 | CindyM_M00648 | 審査登録型メール#_NFA4XX～を使用しeSIM単体機種変更の受付完了・切替案内メールを送信
2025101400007 | SCMOne_M00403 | eSIM単体持込機種変更の回線切替指示を既存開通サイト・開通アプリ連携フローに追加
2025101400007 | KIIRO_M00487 | eSIM単体持込機種変更の申込内容確認書類とアクティベーションコード案内帳票を出力
2025101400007 | KIIRO_M00487 | 出力した帳票データをMy Y!mobileへの電子格納対象として紐づけ保存
2025101400007 | DWH_M00853 | eSIM単体持込機種変更案件データを既存機種変更マートと同スキーマで抽出対象に追加
2025101400007 | Cindy_M00364 | コンタクト履歴にeSIM単体持込機種変更受付・キャンセル・不備修正のイベントを自動登録
2025101400007 | GINIE | eSIM単体持込機種変更受付に関する「お客様確認事項」出し分け設定は追加なしと定義
2025101400007 | CORELISCare | IVR経由の回線切替受付にeSIM単体持込機種変更案件種別を追加し切替完了連携を実装
2025102700003 | MySB（アプリ） | 店頭スマホサポート定額プラン変更案内文からショップ来店必須文言を削除
2025102700003 | MySB（アプリ） | 店頭スマホサポートページの来店予約ボタン文言を「ショップ/量販店」に修正
2025102700003 | MySB（アプリ） | 店頭スマホサポート関連画面のショップ限定表現を仕様に沿う文言へ一括修正
2025102700003 | MySB（Web） | 店頭スマホサポート定額プラン変更案内文からソフトバンクショップ表現を削除
2025102700003 | MySB（Web） | オプション>サービス変更>解約画面の解約抑止モーダル注釈位置と内容を変更
2025102700003 | MySB（Web） | 店頭スマホサポート関連全ページのショップ限定文言をショップ・量販店表現に見直し
2025102700003 | MyYM(Web) | 店頭スマホサポート定額関連のプラン変更案内文からショップ限定表現を削除
2025102700003 | MyYM(Web) | 店頭スマホサポート関連全ページのショップ限定文言があれば量販店含む表現へ修正
2025102700003 | The MySB（Web） | 解約抑止モーダル内の特典名称と注釈文をショップ・量販店に対応する内容へ変更
2025102700003 | The MySB（Web） | 店頭スマホサポート関連全ページでショップ限定文言を確認し必要に応じ修正
2025112000011 | CindyM_M00648 | 記載なし（対応不要とされており改修内容の記載なし）
記載なし | OLS_M00494 | Watch用機種情報JSON新規出力機能にWatch商品属性を追加実装
記載なし | OLS_M00494 | 在庫情報JSON（stock.json）にo2o開始日時・終了日時項目を追加出力
記載なし | OLS_M00494 | 商品情報JSONの出力仕様を静的ページ連携前提の形式に変更
記載なし | Sitecore（正式名称記載なし） | オンラインショップ配下静的ページ生成ロジックにJSON連携処理を追加
記載なし | Sitecore（正式名称記載なし） | 静的ページ内「商品」「おすすめ商品」エリアを商品情報JSONから自動生成する処理を実装
記載なし | Sitecore（正式名称記載なし） | イベント時に商品情報連携自動生成を停止する制御ロジックを追加
記載なし | Sitecore（正式名称記載なし） | ステージング環境の商品情報表示コードを本番連携前提の構成に修正
記載なし | Sitecore（正式名称記載なし） | 本番環境へ修正コードを適用するデプロイおよび設定変更を実施
2025121000011 | CCOC_M00321 | 家族割グループ情報（G#、回線数、代表/子区分）取得APIに追加新規・複数回線向け項目を追加
2025121000011 | CCOC_M00321 | ログイン回線の契約プランおよび家族割グループ情報をOLSへ連携するIFを拡張
2025121000011 | CCOC_M00321 | 家族割申込時のグループ作成・既存グループ追加処理を追加新規・複数回線向けに拡張
2025121000011 | CCOC_M00321 | C#/B#統合判定用の名義・住所・生年月日・支払情報照会インターフェースを追加
2025121000011 | CCOC_M00321 | 家族割案内フォローメール送信用のトリガー情報生成とキュー登録処理を追加
2025121000011 | Veritas_M00413 | CCOCパズル連携として家族割後追い対応データの開発・試験を行いOLS連携を制御
2025121000011 | Veritas_M00413 | C#/B#統合情報と家族割グループ情報をDWH等へ連携するバッチ処理を追加
2025121000011 | MYSB（記載のまま） | MYSBアプリからOLSへの遷移時にログイン情報を連携しOLSログインスキップ制御を実装
2025121000011 | MYSB（記載のまま） | MYSBアプリ内の商品LPからOLS手続選択画面へのシームレス遷移フローを追加
2025121000011 | DWH_M00853 | 家族割受付件数・適用率・C#/B#統合利用状況を計測するための項目定義と連携を追加